#
# There is insufficient memory for the Java Runtime Environment to continue.
# Native memory allocation (mmap) failed to map 132120576 bytes for Failed to commit area from 0x0000000082200000 to 0x000000008a000000 of length 132120576.
# Possible reasons:
#   The system is out of physical RAM or swap space
#   The process is running with CompressedOops enabled, and the Java Heap may be blocking the growth of the native heap
# Possible solutions:
#   Reduce memory load on the system
#   Increase physical memory or swap space
#   Check if swap backing store is full
#   Decrease Java heap size (-Xmx/-Xms)
#   Decrease number of Java threads
#   Decrease Java thread stack sizes (-Xss)
#   Set larger code cache with -XX:ReservedCodeCacheSize=
# This output file may be truncated or incomplete.
#
#  Out of Memory Error (t:/workspace/open/src/hotspot/os/windows/os_windows.cpp:3301), pid=20120, tid=23800
#
# JRE version:  (13.0.2+8) (build )
# Java VM: Java HotSpot(TM) 64-Bit Server VM (13.0.2+8, mixed mode, aot, sharing, tiered, compressed oops, g1 gc, windows-amd64)
# No core dump will be written. Minidumps are not enabled by default on client versions of Windows
#

---------------  S U M M A R Y ------------

Command Line: -Dfile.encoding=UTF-8 ustunerturizm2.frmGirisEkrani

Host: Intel(R) Core(TM) i5-9300H CPU @ 2.40GHz, 8 cores, 7G,  Windows 10 , 64 bit Build 19041 (10.0.19041.1023)
Time: Sat Jun 26 02:29:47 2021 Turkey Standard Time elapsed time: 0 seconds (0d 0h 0m 0s)

---------------  T H R E A D  ---------------

Current thread (0x000001d740a8c000):  JavaThread "Unknown thread" [_thread_in_vm, id=23800, stack(0x0000003f6ed00000,0x0000003f6ee00000)]

Stack: [0x0000003f6ed00000,0x0000003f6ee00000]
Native frames: (J=compiled Java code, j=interpreted, Vv=VM code, C=native code)
V  [jvm.dll+0x624f9a]
V  [jvm.dll+0x770cfa]
V  [jvm.dll+0x7724af]
V  [jvm.dll+0x772ab3]
V  [jvm.dll+0x24bf08]
V  [jvm.dll+0x6222aa]
V  [jvm.dll+0x6170b5]
V  [jvm.dll+0x30a88c]
V  [jvm.dll+0x30a6c2]
V  [jvm.dll+0x30fe36]
V  [jvm.dll+0x353f46]
V  [jvm.dll+0x353720]
V  [jvm.dll+0x2e550a]
V  [jvm.dll+0x2e67a2]
V  [jvm.dll+0x74dd78]
V  [jvm.dll+0x361989]
V  [jvm.dll+0x730e65]
V  [jvm.dll+0x3cc53f]
V  [jvm.dll+0x3ce861]
C  [jli.dll+0x51ff]
C  [ucrtbase.dll+0x21bb2]
C  [KERNEL32.DLL+0x17034]
C  [ntdll.dll+0x52651]


---------------  P R O C E S S  ---------------

Threads class SMR info:
_java_thread_list=0x00007ffe4a22ccb8, length=0, elements={
}

Java Threads: ( => current thread )

Other Threads:
  0x000001d740ace000 GCTaskThread "GC Thread#0" [stack: 0x0000003f6ee00000,0x0000003f6ef00000] [id=26208]
  0x000001d740adf800 ConcurrentGCThread "G1 Main Marker" [stack: 0x0000003f6ef00000,0x0000003f6f000000] [id=17960]
  0x000001d740ae1800 ConcurrentGCThread "G1 Conc#0" [stack: 0x0000003f6f000000,0x0000003f6f100000] [id=28968]

[error occurred during error reporting (printing all threads), id 0xc0000005, EXCEPTION_ACCESS_VIOLATION (0xc0000005) at pc=0x00007ffe49a651d7]

VM state:not at safepoint (not fully initialized)

VM Mutex/Monitor currently owned by a thread:  ([mutex/lock_event])
[0x000001d740a89790] Heap_lock - owner thread: 0x000001d740a8c000

Heap address: 0x0000000082200000, size: 2014 MB, Compressed Oops mode: Non-zero based: 0x0000000082200000
Narrow klass base: 0x0000000000000000, Narrow klass shift: 0

GC Heap History (0 events):
No events

Deoptimization events (0 events):
No events

Classes unloaded (0 events):
No events

Classes redefined (0 events):
No events

Internal exceptions (0 events):
No events

Events (8 events):
Event: 0.008 Loaded shared library C:\Program Files\Java\jdk-13.0.2\bin\zip.dll
Event: 0.008 Loaded shared library C:\Program Files\Java\jdk-13.0.2\bin\jimage.dll
Event: 0.009 Loading shared library C:\Program Files\Java\jdk-13.0.2\lib\libjava.base-coop.dll failed, error code 126
Event: 0.009 Loading shared library C:\Program Files\Java\jdk-13.0.2\lib\libjava.logging-coop.dll failed, error code 126
Event: 0.009 Loading shared library C:\Program Files\Java\jdk-13.0.2\lib\libjdk.compiler-coop.dll failed, error code 126
Event: 0.009 Loading shared library C:\Program Files\Java\jdk-13.0.2\lib\libjdk.scripting.nashorn-coop.dll failed, error code 126
Event: 0.009 Loading shared library C:\Program Files\Java\jdk-13.0.2\lib\libjdk.internal.vm.ci-coop.dll failed, error code 126
Event: 0.009 Loading shared library C:\Program Files\Java\jdk-13.0.2\lib\libjdk.internal.vm.compiler-coop.dll failed, error code 126


Dynamic libraries:
0x00007ff794f40000 - 0x00007ff794f4f000 	C:\Program Files\Java\jdk-13.0.2\bin\java.exe
0x00007ffe94df0000 - 0x00007ffe94fe5000 	C:\WINDOWS\SYSTEM32\ntdll.dll
0x00007ffe93650000 - 0x00007ffe9370d000 	C:\WINDOWS\System32\KERNEL32.DLL
0x00007ffe92890000 - 0x00007ffe92b58000 	C:\WINDOWS\System32\KERNELBASE.dll
0x00007ffe8e0c0000 - 0x00007ffe8e0d5000 	C:\Program Files\Java\jdk-13.0.2\bin\VCRUNTIME140.dll
0x00007ffe8c580000 - 0x00007ffe8c598000 	C:\Program Files\Java\jdk-13.0.2\bin\jli.dll
0x00007ffe92700000 - 0x00007ffe92800000 	C:\WINDOWS\System32\ucrtbase.dll
0x00007ffe94680000 - 0x00007ffe9472c000 	C:\WINDOWS\System32\ADVAPI32.dll
0x00007ffe93990000 - 0x00007ffe93a2e000 	C:\WINDOWS\System32\msvcrt.dll
0x00007ffe93400000 - 0x00007ffe9349b000 	C:\WINDOWS\System32\sechost.dll
0x00007ffe92e60000 - 0x00007ffe92f8b000 	C:\WINDOWS\System32\RPCRT4.dll
0x00007ffe93a90000 - 0x00007ffe93c30000 	C:\WINDOWS\System32\USER32.dll
0x00007ffe7ef70000 - 0x00007ffe7f20a000 	C:\WINDOWS\WinSxS\amd64_microsoft.windows.common-controls_6595b64144ccf1df_6.0.19041.1052_none_60b8f8fd71f5e8cb\COMCTL32.dll
0x00007ffe925c0000 - 0x00007ffe925e2000 	C:\WINDOWS\System32\win32u.dll
0x00007ffe94d80000 - 0x00007ffe94daa000 	C:\WINDOWS\System32\GDI32.dll
0x00007ffe925f0000 - 0x00007ffe926fb000 	C:\WINDOWS\System32\gdi32full.dll
0x00007ffe8ad70000 - 0x00007ffe8ad7a000 	C:\WINDOWS\SYSTEM32\VERSION.dll
0x00007ffe92dc0000 - 0x00007ffe92e5d000 	C:\WINDOWS\System32\msvcp_win.dll
0x00007ffe93f10000 - 0x00007ffe93f40000 	C:\WINDOWS\System32\IMM32.DLL
0x00007ffe6e4a0000 - 0x00007ffe6e53b000 	C:\Program Files\Java\jdk-13.0.2\bin\msvcp140.dll
0x00007ffe49770000 - 0x00007ffe4a2cd000 	C:\Program Files\Java\jdk-13.0.2\bin\server\jvm.dll
0x00007ffe93980000 - 0x00007ffe93988000 	C:\WINDOWS\System32\PSAPI.DLL
0x00007ffe77ec0000 - 0x00007ffe77ec9000 	C:\WINDOWS\SYSTEM32\WSOCK32.dll
0x00007ffe7f3c0000 - 0x00007ffe7f3e7000 	C:\WINDOWS\SYSTEM32\WINMM.dll
0x00007ffe94730000 - 0x00007ffe9479b000 	C:\WINDOWS\System32\WS2_32.dll
0x00007ffe90480000 - 0x00007ffe90492000 	C:\WINDOWS\SYSTEM32\kernel.appcore.dll
0x00007ffe8e010000 - 0x00007ffe8e020000 	C:\Program Files\Java\jdk-13.0.2\bin\verify.dll
0x00007ffe7bc90000 - 0x00007ffe7be74000 	C:\WINDOWS\SYSTEM32\DBGHELP.DLL
0x00007ffe74b70000 - 0x00007ffe74b9c000 	C:\WINDOWS\SYSTEM32\dbgcore.DLL
0x00007ffe92530000 - 0x00007ffe925b3000 	C:\WINDOWS\System32\bcryptPrimitives.dll
0x00007ffe87960000 - 0x00007ffe87986000 	C:\Program Files\Java\jdk-13.0.2\bin\java.dll
0x00007ffe87e60000 - 0x00007ffe87e77000 	C:\Program Files\Java\jdk-13.0.2\bin\zip.dll
0x00007ffe8e000000 - 0x00007ffe8e00a000 	C:\Program Files\Java\jdk-13.0.2\bin\jimage.dll

dbghelp: loaded successfully - version: 4.0.5 - missing functions: none
symbol engine: initialized successfully - sym options: 0x614 - pdb path: .;C:\Program Files\Java\jdk-13.0.2\bin;C:\WINDOWS\SYSTEM32;C:\WINDOWS\WinSxS\amd64_microsoft.windows.common-controls_6595b64144ccf1df_6.0.19041.1052_none_60b8f8fd71f5e8cb;C:\Program Files\Java\jdk-13.0.2\bin\server

VM Arguments:
jvm_args: -Dfile.encoding=UTF-8 
java_command: ustunerturizm2.frmGirisEkrani
java_class_path (initial): C:\Program Files (x86)\MySQL\Connector J 8.0\mysql-connector-java-8.0.20.jar;C:\Users\iserh\Desktop\jdatepicker-1.3.4.jar;C:\Users\iserh\Documents\NetBeansProjects\UstunerTurizm2\build\classes
Launcher Type: SUN_STANDARD

[Global flags]
     intx CICompilerCount                          = 4                                         {product} {ergonomic}
     uint ConcGCThreads                            = 2                                         {product} {ergonomic}
     uint G1ConcRefinementThreads                  = 8                                         {product} {ergonomic}
   size_t G1HeapRegionSize                         = 1048576                                   {product} {ergonomic}
    uintx GCDrainStackTargetSize                   = 64                                        {product} {ergonomic}
   size_t InitialHeapSize                          = 132120576                                 {product} {ergonomic}
   size_t MarkStackSize                            = 4194304                                   {product} {ergonomic}
   size_t MaxHeapSize                              = 2111832064                                {product} {ergonomic}
   size_t MinHeapDeltaBytes                        = 1048576                                   {product} {ergonomic}
   size_t MinHeapSize                              = 8388608                                   {product} {ergonomic}
    uintx NonNMethodCodeHeapSize                   = 5839372                                {pd product} {ergonomic}
    uintx NonProfiledCodeHeapSize                  = 122909434                              {pd product} {ergonomic}
    uintx ProfiledCodeHeapSize                     = 122909434                              {pd product} {ergonomic}
    uintx ReservedCodeCacheSize                    = 251658240                              {pd product} {ergonomic}
     bool SegmentedCodeCache                       = true                                      {product} {ergonomic}
   size_t SoftMaxHeapSize                          = 2111832064                             {manageable} {ergonomic}
     bool UseCompressedClassPointers               = true                                 {lp64_product} {ergonomic}
     bool UseCompressedOops                        = true                                 {lp64_product} {ergonomic}
     bool UseG1GC                                  = true                                      {product} {ergonomic}
     bool UseLargePagesIndividualAllocation        = false                                  {pd product} {ergonomic}

Logging:
Log output configuration:
 #0: stdout all=warning uptime,level,tags
 #1: stderr all=off uptime,level,tags

Environment Variables:
PATH=C:\Windows\system32;C:\Windows;C:\Windows\System32\Wbem;C:\Windows\System32\WindowsPowerShell\v1.0\;C:\Windows\System32\OpenSSH\;C:\Program Files (x86)\NVIDIA Corporation\PhysX\Common;C:\Program Files\Intel\WiFi\bin\;C:\Program Files\Common Files\Intel\WirelessCommon\;C:\Program Files (x86)\Intel\Intel(R) Management Engine Components\DAL;C:\Program Files\Intel\Intel(R) Management Engine Components\DAL;C:\Program Files\Microsoft SQL Server\130\Tools\Binn\;C:\Program Files\Microsoft SQL Server\Client SDK\ODBC\170\Tools\Binn\;C:\Program Files (x86)\Microsoft SQL Server\150\Tools\Binn\;C:\Program Files\Microsoft SQL Server\150\Tools\Binn\;C:\Program Files\Microsoft SQL Server\150\DTS\Binn\;C:\WINDOWS\system32;C:\WINDOWS;C:\WINDOWS\System32\Wbem;C:\WINDOWS\System32\WindowsPowerShell\v1.0\;C:\WINDOWS\System32\OpenSSH\;C:\Program Files\Git\cmd;C:\Users\iserh\AppData\Local\Programs\Python\Python38-32\Scripts\;C:\Users\iserh\AppData\Local\Programs\Python\Python38-32\;C:\Users\iserh\AppData\Local\Microsoft\WindowsApps;C:\Program Files\Intel\WiFi\bin\;C:\Program Files\Common Files\Intel\WirelessCommon\;C:\Users\iserh\AppData\Local\GitHubDesktop\bin;C:\Users\iserh\AppData\Local\Programs\Microsoft VS Code\bin;C:\altera\13.1\modelsim_ase\win32aloem;C:\Users\iserh\AppData\Local\Microsoft\WindowsApps;
USERNAME=iserh
OS=Windows_NT
PROCESSOR_IDENTIFIER=Intel64 Family 6 Model 158 Stepping 10, GenuineIntel



---------------  S Y S T E M  ---------------

OS: Windows 10 , 64 bit Build 19041 (10.0.19041.1023)

CPU:total 8 (initial active 8) (4 cores per cpu, 2 threads per core) family 6 model 158 stepping 10, cmov, cx8, fxsr, mmx, sse, sse2, sse3, ssse3, sse4.1, sse4.2, popcnt, avx, avx2, aes, clmul, erms, 3dnowpref, lzcnt, ht, tsc, tscinvbit, bmi1, bmi2, adx, fma

Memory: 4k page, system-wide physical 8051M (498M free)
TotalPageFile size 32627M (AvailPageFile size 107M)
current process WorkingSet (physical memory assigned to process): 10M, peak: 10M
current process commit charge ("private bytes"): 60M, peak: 186M

vm_info: Java HotSpot(TM) 64-Bit Server VM (13.0.2+8) for windows-amd64 JRE (13.0.2+8), built on Dec 11 2019 09:20:33 by "mach5one" with unknown MS VC++:1916

END.
