#
# There is insufficient memory for the Java Runtime Environment to continue.
# Native memory allocation (malloc) failed to allocate 284112 bytes for Chunk::new
# Possible reasons:
#   The system is out of physical RAM or swap space
#   The process is running with CompressedOops enabled, and the Java Heap may be blocking the growth of the native heap
# Possible solutions:
#   Reduce memory load on the system
#   Increase physical memory or swap space
#   Check if swap backing store is full
#   Decrease Java heap size (-Xmx/-Xms)
#   Decrease number of Java threads
#   Decrease Java thread stack sizes (-Xss)
#   Set larger code cache with -XX:ReservedCodeCacheSize=
#   JVM is running with Unscaled Compressed Oops mode in which the Java heap is
#     placed in the first 4GB address space. The Java Heap base address is the
#     maximum limit for the native heap growth. Please use -XX:HeapBaseMinAddress
#     to set the Java Heap base and to place the Java Heap above 4GB virtual address.
# This output file may be truncated or incomplete.
#
#  Out of Memory Error (t:/workspace/open/src/hotspot/share/memory/arena.cpp:196), pid=3344, tid=23800
#
# JRE version: Java(TM) SE Runtime Environment (13.0.2+8) (build 13.0.2+8)
# Java VM: Java HotSpot(TM) 64-Bit Server VM (13.0.2+8, mixed mode, sharing, tiered, compressed oops, g1 gc, windows-amd64)
# No core dump will be written. Minidumps are not enabled by default on client versions of Windows
#

---------------  S U M M A R Y ------------

Command Line: -Dfile.encoding=UTF-8 ustunerturizm2.frmGirisEkrani

Host: Intel(R) Core(TM) i5-9300H CPU @ 2.40GHz, 8 cores, 7G,  Windows 10 , 64 bit Build 19041 (10.0.19041.1023)
Time: Sat Jun 26 02:28:48 2021 Turkey Standard Time elapsed time: 0 seconds (0d 0h 0m 0s)

---------------  T H R E A D  ---------------

Current thread (0x0000022aab4e1000):  JavaThread "C2 CompilerThread0" daemon [_thread_in_native, id=23800, stack(0x0000007a80600000,0x0000007a80700000)]


Current CompileTask:
C2:    428  875 %     4       java.util.Properties::loadConvert @ 8 (544 bytes)

Stack: [0x0000007a80600000,0x0000007a80700000]
Native frames: (J=compiled Java code, j=interpreted, Vv=VM code, C=native code)
V  [jvm.dll+0x624f9a]
V  [jvm.dll+0x770cfa]
V  [jvm.dll+0x7724af]
V  [jvm.dll+0x772ab3]
V  [jvm.dll+0x24bf08]
V  [jvm.dll+0xc1e47]
V  [jvm.dll+0xc23cc]
V  [jvm.dll+0x35c0c5]
V  [jvm.dll+0x327803]
V  [jvm.dll+0x326bda]
V  [jvm.dll+0x205c27]
V  [jvm.dll+0x204e3f]
V  [jvm.dll+0x189c2c]
V  [jvm.dll+0x213e6d]
V  [jvm.dll+0x2120bb]
V  [jvm.dll+0x736bb6]
V  [jvm.dll+0x72fcaa]
V  [jvm.dll+0x623ea6]
C  [ucrtbase.dll+0x21bb2]
C  [KERNEL32.DLL+0x17034]
C  [ntdll.dll+0x52651]


---------------  P R O C E S S  ---------------

Threads class SMR info:
_java_thread_list=0x0000022aac6e46d0, length=16, elements={
0x0000022aab4bc000, 0x0000022aab4c1000, 0x0000022aab4dd800, 0x0000022aab4df800,
0x0000022aab4e1000, 0x0000022aab4e2000, 0x0000022aab4e3000, 0x0000022aabf58800,
0x0000022aabf6e000, 0x0000022aac192000, 0x0000022aac247800, 0x0000022aac2a2000,
0x0000022aac37f000, 0x0000022a8bf1a800, 0x0000022aac6d6000, 0x0000022aac733800
}

Java Threads: ( => current thread )
  0x0000022aab4bc000 JavaThread "Reference Handler" daemon [_thread_blocked, id=8804, stack(0x0000007a80200000,0x0000007a80300000)]
  0x0000022aab4c1000 JavaThread "Finalizer" daemon [_thread_blocked, id=29128, stack(0x0000007a80300000,0x0000007a80400000)]
  0x0000022aab4dd800 JavaThread "Signal Dispatcher" daemon [_thread_blocked, id=15684, stack(0x0000007a80400000,0x0000007a80500000)]
  0x0000022aab4df800 JavaThread "Attach Listener" daemon [_thread_blocked, id=26952, stack(0x0000007a80500000,0x0000007a80600000)]
=>0x0000022aab4e1000 JavaThread "C2 CompilerThread0" daemon [_thread_in_native, id=23800, stack(0x0000007a80600000,0x0000007a80700000)]
  0x0000022aab4e2000 JavaThread "C1 CompilerThread0" daemon [_thread_blocked, id=24312, stack(0x0000007a80700000,0x0000007a80800000)]
  0x0000022aab4e3000 JavaThread "Sweeper thread" daemon [_thread_blocked, id=11220, stack(0x0000007a80800000,0x0000007a80900000)]
  0x0000022aabf58800 JavaThread "Service Thread" daemon [_thread_blocked, id=22620, stack(0x0000007a80900000,0x0000007a80a00000)]
  0x0000022aabf6e000 JavaThread "Common-Cleaner" daemon [_thread_blocked, id=4064, stack(0x0000007a80b00000,0x0000007a80c00000)]
  0x0000022aac192000 JavaThread "Java2D Disposer" daemon [_thread_blocked, id=10252, stack(0x0000007a80c00000,0x0000007a80d00000)]
  0x0000022aac247800 JavaThread "AWT-Shutdown" [_thread_blocked, id=27600, stack(0x0000007a80d00000,0x0000007a80e00000)]
  0x0000022aac2a2000 JavaThread "AWT-Windows" daemon [_thread_in_native, id=28500, stack(0x0000007a80e00000,0x0000007a80f00000)]
  0x0000022aac37f000 JavaThread "AWT-EventQueue-0" [_thread_in_native, id=27772, stack(0x0000007a80f00000,0x0000007a81000000)]
  0x0000022a8bf1a800 JavaThread "DestroyJavaVM" [_thread_blocked, id=15908, stack(0x0000007affb00000,0x0000007affc00000)]
  0x0000022aac6d6000 JavaThread "mysql-cj-abandoned-connection-cleanup" daemon [_thread_blocked, id=2480, stack(0x0000007a81300000,0x0000007a81400000)]
  0x0000022aac733800 JavaThread "C2 CompilerThread1" daemon [_thread_blocked, id=23248, stack(0x0000007a81400000,0x0000007a81500000)]

Other Threads:
  0x0000022aab4ba800 VMThread "VM Thread" [stack: 0x0000007a80100000,0x0000007a80200000] [id=29144]
  0x0000022aabf6d800 WatcherThread [stack: 0x0000007a80a00000,0x0000007a80b00000] [id=28576]
  0x0000022a8bf5d000 GCTaskThread "GC Thread#0" [stack: 0x0000007affc00000,0x0000007affd00000] [id=3224]
  0x0000022a8bf6f800 ConcurrentGCThread "G1 Main Marker" [stack: 0x0000007affd00000,0x0000007affe00000] [id=6456]
  0x0000022a8bf70800 ConcurrentGCThread "G1 Conc#0" [stack: 0x0000007affe00000,0x0000007afff00000] [id=28028]
  0x0000022a8bffe800 ConcurrentGCThread "G1 Refine#0" [stack: 0x0000007afff00000,0x0000007b00000000] [id=11056]
  0x0000022aab337800 ConcurrentGCThread "G1 Young RemSet Sampling" [stack: 0x0000007a80000000,0x0000007a80100000] [id=25324]

Threads with active compile tasks:
C2 CompilerThread0      466  875 %     4       java.util.Properties::loadConvert @ 8 (544 bytes)

VM state:not at safepoint (normal execution)

VM Mutex/Monitor currently owned by a thread: None

Heap address: 0x0000000082200000, size: 2014 MB, Compressed Oops mode: 32-bit
Narrow klass base: 0x0000000800000000, Narrow klass shift: 3
Compressed class space size: 1073741824 Address: 0x0000000800b40000

Heap:
 garbage-first heap   total 129024K, used 12288K [0x0000000082200000, 0x0000000100000000)
  region size 1024K, 13 young (13312K), 0 survivors (0K)
 Metaspace       used 11974K, capacity 12329K, committed 12416K, reserved 1060864K
  class space    used 1446K, capacity 1603K, committed 1664K, reserved 1048576K
Heap Regions: E=young(eden), S=young(survivor), O=old, HS=humongous(starts), HC=humongous(continues), CS=collection set, F=free, A=archive, TAMS=top-at-mark-start (previous, next)
|   0|0x0000000082200000, 0x0000000082200000, 0x0000000082300000|  0%| F|  |TAMS 0x0000000082200000, 0x0000000082200000| Untracked 
|   1|0x0000000082300000, 0x0000000082300000, 0x0000000082400000|  0%| F|  |TAMS 0x0000000082300000, 0x0000000082300000| Untracked 
|   2|0x0000000082400000, 0x0000000082400000, 0x0000000082500000|  0%| F|  |TAMS 0x0000000082400000, 0x0000000082400000| Untracked 
|   3|0x0000000082500000, 0x0000000082500000, 0x0000000082600000|  0%| F|  |TAMS 0x0000000082500000, 0x0000000082500000| Untracked 
|   4|0x0000000082600000, 0x0000000082600000, 0x0000000082700000|  0%| F|  |TAMS 0x0000000082600000, 0x0000000082600000| Untracked 
|   5|0x0000000082700000, 0x0000000082700000, 0x0000000082800000|  0%| F|  |TAMS 0x0000000082700000, 0x0000000082700000| Untracked 
|   6|0x0000000082800000, 0x0000000082800000, 0x0000000082900000|  0%| F|  |TAMS 0x0000000082800000, 0x0000000082800000| Untracked 
|   7|0x0000000082900000, 0x0000000082900000, 0x0000000082a00000|  0%| F|  |TAMS 0x0000000082900000, 0x0000000082900000| Untracked 
|   8|0x0000000082a00000, 0x0000000082a00000, 0x0000000082b00000|  0%| F|  |TAMS 0x0000000082a00000, 0x0000000082a00000| Untracked 
|   9|0x0000000082b00000, 0x0000000082b00000, 0x0000000082c00000|  0%| F|  |TAMS 0x0000000082b00000, 0x0000000082b00000| Untracked 
|  10|0x0000000082c00000, 0x0000000082c00000, 0x0000000082d00000|  0%| F|  |TAMS 0x0000000082c00000, 0x0000000082c00000| Untracked 
|  11|0x0000000082d00000, 0x0000000082d00000, 0x0000000082e00000|  0%| F|  |TAMS 0x0000000082d00000, 0x0000000082d00000| Untracked 
|  12|0x0000000082e00000, 0x0000000082e00000, 0x0000000082f00000|  0%| F|  |TAMS 0x0000000082e00000, 0x0000000082e00000| Untracked 
|  13|0x0000000082f00000, 0x0000000082f00000, 0x0000000083000000|  0%| F|  |TAMS 0x0000000082f00000, 0x0000000082f00000| Untracked 
|  14|0x0000000083000000, 0x0000000083000000, 0x0000000083100000|  0%| F|  |TAMS 0x0000000083000000, 0x0000000083000000| Untracked 
|  15|0x0000000083100000, 0x0000000083100000, 0x0000000083200000|  0%| F|  |TAMS 0x0000000083100000, 0x0000000083100000| Untracked 
|  16|0x0000000083200000, 0x0000000083200000, 0x0000000083300000|  0%| F|  |TAMS 0x0000000083200000, 0x0000000083200000| Untracked 
|  17|0x0000000083300000, 0x0000000083300000, 0x0000000083400000|  0%| F|  |TAMS 0x0000000083300000, 0x0000000083300000| Untracked 
|  18|0x0000000083400000, 0x0000000083400000, 0x0000000083500000|  0%| F|  |TAMS 0x0000000083400000, 0x0000000083400000| Untracked 
|  19|0x0000000083500000, 0x0000000083500000, 0x0000000083600000|  0%| F|  |TAMS 0x0000000083500000, 0x0000000083500000| Untracked 
|  20|0x0000000083600000, 0x0000000083600000, 0x0000000083700000|  0%| F|  |TAMS 0x0000000083600000, 0x0000000083600000| Untracked 
|  21|0x0000000083700000, 0x0000000083700000, 0x0000000083800000|  0%| F|  |TAMS 0x0000000083700000, 0x0000000083700000| Untracked 
|  22|0x0000000083800000, 0x0000000083800000, 0x0000000083900000|  0%| F|  |TAMS 0x0000000083800000, 0x0000000083800000| Untracked 
|  23|0x0000000083900000, 0x0000000083900000, 0x0000000083a00000|  0%| F|  |TAMS 0x0000000083900000, 0x0000000083900000| Untracked 
|  24|0x0000000083a00000, 0x0000000083a00000, 0x0000000083b00000|  0%| F|  |TAMS 0x0000000083a00000, 0x0000000083a00000| Untracked 
|  25|0x0000000083b00000, 0x0000000083b00000, 0x0000000083c00000|  0%| F|  |TAMS 0x0000000083b00000, 0x0000000083b00000| Untracked 
|  26|0x0000000083c00000, 0x0000000083c00000, 0x0000000083d00000|  0%| F|  |TAMS 0x0000000083c00000, 0x0000000083c00000| Untracked 
|  27|0x0000000083d00000, 0x0000000083d00000, 0x0000000083e00000|  0%| F|  |TAMS 0x0000000083d00000, 0x0000000083d00000| Untracked 
|  28|0x0000000083e00000, 0x0000000083e00000, 0x0000000083f00000|  0%| F|  |TAMS 0x0000000083e00000, 0x0000000083e00000| Untracked 
|  29|0x0000000083f00000, 0x0000000083f00000, 0x0000000084000000|  0%| F|  |TAMS 0x0000000083f00000, 0x0000000083f00000| Untracked 
|  30|0x0000000084000000, 0x0000000084000000, 0x0000000084100000|  0%| F|  |TAMS 0x0000000084000000, 0x0000000084000000| Untracked 
|  31|0x0000000084100000, 0x0000000084100000, 0x0000000084200000|  0%| F|  |TAMS 0x0000000084100000, 0x0000000084100000| Untracked 
|  32|0x0000000084200000, 0x0000000084200000, 0x0000000084300000|  0%| F|  |TAMS 0x0000000084200000, 0x0000000084200000| Untracked 
|  33|0x0000000084300000, 0x0000000084300000, 0x0000000084400000|  0%| F|  |TAMS 0x0000000084300000, 0x0000000084300000| Untracked 
|  34|0x0000000084400000, 0x0000000084400000, 0x0000000084500000|  0%| F|  |TAMS 0x0000000084400000, 0x0000000084400000| Untracked 
|  35|0x0000000084500000, 0x0000000084500000, 0x0000000084600000|  0%| F|  |TAMS 0x0000000084500000, 0x0000000084500000| Untracked 
|  36|0x0000000084600000, 0x0000000084600000, 0x0000000084700000|  0%| F|  |TAMS 0x0000000084600000, 0x0000000084600000| Untracked 
|  37|0x0000000084700000, 0x0000000084700000, 0x0000000084800000|  0%| F|  |TAMS 0x0000000084700000, 0x0000000084700000| Untracked 
|  38|0x0000000084800000, 0x0000000084800000, 0x0000000084900000|  0%| F|  |TAMS 0x0000000084800000, 0x0000000084800000| Untracked 
|  39|0x0000000084900000, 0x0000000084900000, 0x0000000084a00000|  0%| F|  |TAMS 0x0000000084900000, 0x0000000084900000| Untracked 
|  40|0x0000000084a00000, 0x0000000084a00000, 0x0000000084b00000|  0%| F|  |TAMS 0x0000000084a00000, 0x0000000084a00000| Untracked 
|  41|0x0000000084b00000, 0x0000000084b00000, 0x0000000084c00000|  0%| F|  |TAMS 0x0000000084b00000, 0x0000000084b00000| Untracked 
|  42|0x0000000084c00000, 0x0000000084c00000, 0x0000000084d00000|  0%| F|  |TAMS 0x0000000084c00000, 0x0000000084c00000| Untracked 
|  43|0x0000000084d00000, 0x0000000084d00000, 0x0000000084e00000|  0%| F|  |TAMS 0x0000000084d00000, 0x0000000084d00000| Untracked 
|  44|0x0000000084e00000, 0x0000000084e00000, 0x0000000084f00000|  0%| F|  |TAMS 0x0000000084e00000, 0x0000000084e00000| Untracked 
|  45|0x0000000084f00000, 0x0000000084f00000, 0x0000000085000000|  0%| F|  |TAMS 0x0000000084f00000, 0x0000000084f00000| Untracked 
|  46|0x0000000085000000, 0x0000000085000000, 0x0000000085100000|  0%| F|  |TAMS 0x0000000085000000, 0x0000000085000000| Untracked 
|  47|0x0000000085100000, 0x0000000085100000, 0x0000000085200000|  0%| F|  |TAMS 0x0000000085100000, 0x0000000085100000| Untracked 
|  48|0x0000000085200000, 0x0000000085200000, 0x0000000085300000|  0%| F|  |TAMS 0x0000000085200000, 0x0000000085200000| Untracked 
|  49|0x0000000085300000, 0x0000000085300000, 0x0000000085400000|  0%| F|  |TAMS 0x0000000085300000, 0x0000000085300000| Untracked 
|  50|0x0000000085400000, 0x0000000085400000, 0x0000000085500000|  0%| F|  |TAMS 0x0000000085400000, 0x0000000085400000| Untracked 
|  51|0x0000000085500000, 0x0000000085500000, 0x0000000085600000|  0%| F|  |TAMS 0x0000000085500000, 0x0000000085500000| Untracked 
|  52|0x0000000085600000, 0x0000000085600000, 0x0000000085700000|  0%| F|  |TAMS 0x0000000085600000, 0x0000000085600000| Untracked 
|  53|0x0000000085700000, 0x0000000085700000, 0x0000000085800000|  0%| F|  |TAMS 0x0000000085700000, 0x0000000085700000| Untracked 
|  54|0x0000000085800000, 0x0000000085800000, 0x0000000085900000|  0%| F|  |TAMS 0x0000000085800000, 0x0000000085800000| Untracked 
|  55|0x0000000085900000, 0x0000000085900000, 0x0000000085a00000|  0%| F|  |TAMS 0x0000000085900000, 0x0000000085900000| Untracked 
|  56|0x0000000085a00000, 0x0000000085a00000, 0x0000000085b00000|  0%| F|  |TAMS 0x0000000085a00000, 0x0000000085a00000| Untracked 
|  57|0x0000000085b00000, 0x0000000085b00000, 0x0000000085c00000|  0%| F|  |TAMS 0x0000000085b00000, 0x0000000085b00000| Untracked 
|  58|0x0000000085c00000, 0x0000000085c00000, 0x0000000085d00000|  0%| F|  |TAMS 0x0000000085c00000, 0x0000000085c00000| Untracked 
|  59|0x0000000085d00000, 0x0000000085d00000, 0x0000000085e00000|  0%| F|  |TAMS 0x0000000085d00000, 0x0000000085d00000| Untracked 
|  60|0x0000000085e00000, 0x0000000085e00000, 0x0000000085f00000|  0%| F|  |TAMS 0x0000000085e00000, 0x0000000085e00000| Untracked 
|  61|0x0000000085f00000, 0x0000000085f00000, 0x0000000086000000|  0%| F|  |TAMS 0x0000000085f00000, 0x0000000085f00000| Untracked 
|  62|0x0000000086000000, 0x0000000086000000, 0x0000000086100000|  0%| F|  |TAMS 0x0000000086000000, 0x0000000086000000| Untracked 
|  63|0x0000000086100000, 0x0000000086100000, 0x0000000086200000|  0%| F|  |TAMS 0x0000000086100000, 0x0000000086100000| Untracked 
|  64|0x0000000086200000, 0x0000000086200000, 0x0000000086300000|  0%| F|  |TAMS 0x0000000086200000, 0x0000000086200000| Untracked 
|  65|0x0000000086300000, 0x0000000086300000, 0x0000000086400000|  0%| F|  |TAMS 0x0000000086300000, 0x0000000086300000| Untracked 
|  66|0x0000000086400000, 0x0000000086400000, 0x0000000086500000|  0%| F|  |TAMS 0x0000000086400000, 0x0000000086400000| Untracked 
|  67|0x0000000086500000, 0x0000000086500000, 0x0000000086600000|  0%| F|  |TAMS 0x0000000086500000, 0x0000000086500000| Untracked 
|  68|0x0000000086600000, 0x0000000086600000, 0x0000000086700000|  0%| F|  |TAMS 0x0000000086600000, 0x0000000086600000| Untracked 
|  69|0x0000000086700000, 0x0000000086700000, 0x0000000086800000|  0%| F|  |TAMS 0x0000000086700000, 0x0000000086700000| Untracked 
|  70|0x0000000086800000, 0x0000000086800000, 0x0000000086900000|  0%| F|  |TAMS 0x0000000086800000, 0x0000000086800000| Untracked 
|  71|0x0000000086900000, 0x0000000086900000, 0x0000000086a00000|  0%| F|  |TAMS 0x0000000086900000, 0x0000000086900000| Untracked 
|  72|0x0000000086a00000, 0x0000000086a00000, 0x0000000086b00000|  0%| F|  |TAMS 0x0000000086a00000, 0x0000000086a00000| Untracked 
|  73|0x0000000086b00000, 0x0000000086b00000, 0x0000000086c00000|  0%| F|  |TAMS 0x0000000086b00000, 0x0000000086b00000| Untracked 
|  74|0x0000000086c00000, 0x0000000086c00000, 0x0000000086d00000|  0%| F|  |TAMS 0x0000000086c00000, 0x0000000086c00000| Untracked 
|  75|0x0000000086d00000, 0x0000000086d00000, 0x0000000086e00000|  0%| F|  |TAMS 0x0000000086d00000, 0x0000000086d00000| Untracked 
|  76|0x0000000086e00000, 0x0000000086e00000, 0x0000000086f00000|  0%| F|  |TAMS 0x0000000086e00000, 0x0000000086e00000| Untracked 
|  77|0x0000000086f00000, 0x0000000086f00000, 0x0000000087000000|  0%| F|  |TAMS 0x0000000086f00000, 0x0000000086f00000| Untracked 
|  78|0x0000000087000000, 0x0000000087000000, 0x0000000087100000|  0%| F|  |TAMS 0x0000000087000000, 0x0000000087000000| Untracked 
|  79|0x0000000087100000, 0x0000000087100000, 0x0000000087200000|  0%| F|  |TAMS 0x0000000087100000, 0x0000000087100000| Untracked 
|  80|0x0000000087200000, 0x0000000087200000, 0x0000000087300000|  0%| F|  |TAMS 0x0000000087200000, 0x0000000087200000| Untracked 
|  81|0x0000000087300000, 0x0000000087300000, 0x0000000087400000|  0%| F|  |TAMS 0x0000000087300000, 0x0000000087300000| Untracked 
|  82|0x0000000087400000, 0x0000000087400000, 0x0000000087500000|  0%| F|  |TAMS 0x0000000087400000, 0x0000000087400000| Untracked 
|  83|0x0000000087500000, 0x0000000087500000, 0x0000000087600000|  0%| F|  |TAMS 0x0000000087500000, 0x0000000087500000| Untracked 
|  84|0x0000000087600000, 0x0000000087600000, 0x0000000087700000|  0%| F|  |TAMS 0x0000000087600000, 0x0000000087600000| Untracked 
|  85|0x0000000087700000, 0x0000000087700000, 0x0000000087800000|  0%| F|  |TAMS 0x0000000087700000, 0x0000000087700000| Untracked 
|  86|0x0000000087800000, 0x0000000087800000, 0x0000000087900000|  0%| F|  |TAMS 0x0000000087800000, 0x0000000087800000| Untracked 
|  87|0x0000000087900000, 0x0000000087900000, 0x0000000087a00000|  0%| F|  |TAMS 0x0000000087900000, 0x0000000087900000| Untracked 
|  88|0x0000000087a00000, 0x0000000087a00000, 0x0000000087b00000|  0%| F|  |TAMS 0x0000000087a00000, 0x0000000087a00000| Untracked 
|  89|0x0000000087b00000, 0x0000000087b00000, 0x0000000087c00000|  0%| F|  |TAMS 0x0000000087b00000, 0x0000000087b00000| Untracked 
|  90|0x0000000087c00000, 0x0000000087c00000, 0x0000000087d00000|  0%| F|  |TAMS 0x0000000087c00000, 0x0000000087c00000| Untracked 
|  91|0x0000000087d00000, 0x0000000087d00000, 0x0000000087e00000|  0%| F|  |TAMS 0x0000000087d00000, 0x0000000087d00000| Untracked 
|  92|0x0000000087e00000, 0x0000000087e00000, 0x0000000087f00000|  0%| F|  |TAMS 0x0000000087e00000, 0x0000000087e00000| Untracked 
|  93|0x0000000087f00000, 0x0000000087f00000, 0x0000000088000000|  0%| F|  |TAMS 0x0000000087f00000, 0x0000000087f00000| Untracked 
|  94|0x0000000088000000, 0x0000000088000000, 0x0000000088100000|  0%| F|  |TAMS 0x0000000088000000, 0x0000000088000000| Untracked 
|  95|0x0000000088100000, 0x0000000088100000, 0x0000000088200000|  0%| F|  |TAMS 0x0000000088100000, 0x0000000088100000| Untracked 
|  96|0x0000000088200000, 0x0000000088200000, 0x0000000088300000|  0%| F|  |TAMS 0x0000000088200000, 0x0000000088200000| Untracked 
|  97|0x0000000088300000, 0x0000000088300000, 0x0000000088400000|  0%| F|  |TAMS 0x0000000088300000, 0x0000000088300000| Untracked 
|  98|0x0000000088400000, 0x0000000088400000, 0x0000000088500000|  0%| F|  |TAMS 0x0000000088400000, 0x0000000088400000| Untracked 
|  99|0x0000000088500000, 0x0000000088500000, 0x0000000088600000|  0%| F|  |TAMS 0x0000000088500000, 0x0000000088500000| Untracked 
| 100|0x0000000088600000, 0x0000000088600000, 0x0000000088700000|  0%| F|  |TAMS 0x0000000088600000, 0x0000000088600000| Untracked 
| 101|0x0000000088700000, 0x0000000088700000, 0x0000000088800000|  0%| F|  |TAMS 0x0000000088700000, 0x0000000088700000| Untracked 
| 102|0x0000000088800000, 0x0000000088800000, 0x0000000088900000|  0%| F|  |TAMS 0x0000000088800000, 0x0000000088800000| Untracked 
| 103|0x0000000088900000, 0x0000000088900000, 0x0000000088a00000|  0%| F|  |TAMS 0x0000000088900000, 0x0000000088900000| Untracked 
| 104|0x0000000088a00000, 0x0000000088a00000, 0x0000000088b00000|  0%| F|  |TAMS 0x0000000088a00000, 0x0000000088a00000| Untracked 
| 105|0x0000000088b00000, 0x0000000088b00000, 0x0000000088c00000|  0%| F|  |TAMS 0x0000000088b00000, 0x0000000088b00000| Untracked 
| 106|0x0000000088c00000, 0x0000000088c00000, 0x0000000088d00000|  0%| F|  |TAMS 0x0000000088c00000, 0x0000000088c00000| Untracked 
| 107|0x0000000088d00000, 0x0000000088d00000, 0x0000000088e00000|  0%| F|  |TAMS 0x0000000088d00000, 0x0000000088d00000| Untracked 
| 108|0x0000000088e00000, 0x0000000088e00000, 0x0000000088f00000|  0%| F|  |TAMS 0x0000000088e00000, 0x0000000088e00000| Untracked 
| 109|0x0000000088f00000, 0x0000000088f00000, 0x0000000089000000|  0%| F|  |TAMS 0x0000000088f00000, 0x0000000088f00000| Untracked 
| 110|0x0000000089000000, 0x0000000089000000, 0x0000000089100000|  0%| F|  |TAMS 0x0000000089000000, 0x0000000089000000| Untracked 
| 111|0x0000000089100000, 0x0000000089100000, 0x0000000089200000|  0%| F|  |TAMS 0x0000000089100000, 0x0000000089100000| Untracked 
| 112|0x0000000089200000, 0x0000000089200000, 0x0000000089300000|  0%| F|  |TAMS 0x0000000089200000, 0x0000000089200000| Untracked 
| 113|0x0000000089300000, 0x000000008937b728, 0x0000000089400000| 48%| E|  |TAMS 0x0000000089300000, 0x0000000089300000| Complete 
| 114|0x0000000089400000, 0x0000000089500000, 0x0000000089500000|100%| E|CS|TAMS 0x0000000089400000, 0x0000000089400000| Complete 
| 115|0x0000000089500000, 0x0000000089600000, 0x0000000089600000|100%| E|CS|TAMS 0x0000000089500000, 0x0000000089500000| Complete 
| 116|0x0000000089600000, 0x0000000089700000, 0x0000000089700000|100%| E|CS|TAMS 0x0000000089600000, 0x0000000089600000| Complete 
| 117|0x0000000089700000, 0x0000000089800000, 0x0000000089800000|100%| E|CS|TAMS 0x0000000089700000, 0x0000000089700000| Complete 
| 118|0x0000000089800000, 0x0000000089900000, 0x0000000089900000|100%| E|CS|TAMS 0x0000000089800000, 0x0000000089800000| Complete 
| 119|0x0000000089900000, 0x0000000089a00000, 0x0000000089a00000|100%| E|CS|TAMS 0x0000000089900000, 0x0000000089900000| Complete 
| 120|0x0000000089a00000, 0x0000000089b00000, 0x0000000089b00000|100%| E|CS|TAMS 0x0000000089a00000, 0x0000000089a00000| Complete 
| 121|0x0000000089b00000, 0x0000000089c00000, 0x0000000089c00000|100%| E|CS|TAMS 0x0000000089b00000, 0x0000000089b00000| Complete 
| 122|0x0000000089c00000, 0x0000000089d00000, 0x0000000089d00000|100%| E|CS|TAMS 0x0000000089c00000, 0x0000000089c00000| Complete 
| 123|0x0000000089d00000, 0x0000000089e00000, 0x0000000089e00000|100%| E|CS|TAMS 0x0000000089d00000, 0x0000000089d00000| Complete 
| 124|0x0000000089e00000, 0x0000000089f00000, 0x0000000089f00000|100%| E|CS|TAMS 0x0000000089e00000, 0x0000000089e00000| Complete 
| 125|0x0000000089f00000, 0x000000008a000000, 0x000000008a000000|100%| E|CS|TAMS 0x0000000089f00000, 0x0000000089f00000| Complete 

Card table byte_map: [0x0000022aa43c0000,0x0000022aa47b0000] _byte_map_base: 0x0000022aa3faf000

Marking Bits (Prev, Next): (CMBitMap*) 0x0000022a8bf5dc78, (CMBitMap*) 0x0000022a8bf5dcb8
 Prev Bits: [0x0000022aa4ba0000, 0x0000022aa6b18000)
 Next Bits: [0x0000022aa6b20000, 0x0000022aa8a98000)

Polling page: 0x0000022a8a690000

Metaspace:

Usage:
  Non-class:     10.54 MB capacity,    10.32 MB ( 98%) used,   198.68 KB (  2%) free+waste,    26.38 KB ( <1%) overhead. 
      Class:      1.57 MB capacity,     1.42 MB ( 91%) used,   133.64 KB (  8%) free+waste,    15.88 KB ( <1%) overhead. 
       Both:     12.10 MB capacity,    11.74 MB ( 97%) used,   332.32 KB (  3%) free+waste,    42.25 KB ( <1%) overhead. 

Virtual space:
  Non-class space:       12.00 MB reserved,      10.75 MB ( 90%) committed 
      Class space:        1.00 GB reserved,       1.63 MB ( <1%) committed 
             Both:        1.01 GB reserved,      12.38 MB (  1%) committed 

Chunk freelists:
   Non-Class:  26.00 KB
       Class:  29.00 KB
        Both:  55.00 KB

MaxMetaspaceSize: 17179869184.00 GB
CompressedClassSpaceSize: 1.00 GB

CodeHeap 'non-profiled nmethods': size=120000Kb used=300Kb max_used=300Kb free=119699Kb
 bounds [0x0000022a9bf00000, 0x0000022a9c170000, 0x0000022aa3430000]
CodeHeap 'profiled nmethods': size=120000Kb used=1784Kb max_used=1784Kb free=118215Kb
 bounds [0x0000022a949d0000, 0x0000022a94c40000, 0x0000022a9bf00000]
CodeHeap 'non-nmethods': size=5760Kb used=1315Kb max_used=1328Kb free=4445Kb
 bounds [0x0000022a94430000, 0x0000022a946a0000, 0x0000022a949d0000]
 total_blobs=2002 nmethods=976 adapters=517
 compilation: enabled
              stopped_count=0, restarted_count=0
 full_count=0

Compilation events (20 events):
Event: 0.420 Thread 0x0000022aab4e2000  913       3       java.lang.System$2::findBootstrapClassOrNull (6 bytes)
Event: 0.420 Thread 0x0000022aab4e2000 nmethod 913 0x0000022a94b71d90 code [0x0000022a94b71f60, 0x0000022a94b722a0]
Event: 0.420 Thread 0x0000022aab4e2000  914       3       jdk.internal.jimage.ImageStringsReader::charsFromByteBuffer (186 bytes)
Event: 0.421 Thread 0x0000022aab4e2000 nmethod 914 0x0000022a94b72390 code [0x0000022a94b72700, 0x0000022a94b73c90]
Event: 0.422 Thread 0x0000022aab4e2000  916       1       jdk.internal.loader.URLClassPath$Loader::getBaseURL (5 bytes)
Event: 0.422 Thread 0x0000022aab4e2000 nmethod 916 0x0000022a9bf43e10 code [0x0000022a9bf43fa0, 0x0000022a9bf440d8]
Event: 0.423 Thread 0x0000022aab4e2000  917       3       java.lang.String::regionMatches (150 bytes)
Event: 0.423 Thread 0x0000022aab4e2000 nmethod 917 0x0000022a94b74410 code [0x0000022a94b74660, 0x0000022a94b74f10]
Event: 0.423 Thread 0x0000022aab4e2000  918       1       java.util.jar.Attributes$Name::hashCode (5 bytes)
Event: 0.423 Thread 0x0000022aab4e2000 nmethod 918 0x0000022a9bf44190 code [0x0000022a9bf44320, 0x0000022a9bf44458]
Event: 0.424 Thread 0x0000022aab4e2000  919       3       java.lang.ClassLoader::loadClass (7 bytes)
Event: 0.424 Thread 0x0000022aab4e2000 nmethod 919 0x0000022a94b75210 code [0x0000022a94b753c0, 0x0000022a94b75610]
Event: 0.424 Thread 0x0000022aab4e2000  920       3       jdk.internal.loader.BuiltinClassLoader::loadClass (22 bytes)
Event: 0.424 Thread 0x0000022aab4e2000 nmethod 920 0x0000022a94b75690 code [0x0000022a94b75860, 0x0000022a94b75ba0]
Event: 0.424 Thread 0x0000022aab4e2000  921       1       java.lang.NamedPackage::module (5 bytes)
Event: 0.424 Thread 0x0000022aab4e2000 nmethod 921 0x0000022a9bf44510 code [0x0000022a9bf446a0, 0x0000022a9bf447d8]
Event: 0.425 Thread 0x0000022aab4e2000  922       3       java.util.zip.ZipFile::ensureOpen (40 bytes)
Event: 0.425 Thread 0x0000022aab4e2000 nmethod 922 0x0000022a94b75c90 code [0x0000022a94b75e60, 0x0000022a94b76220]
Event: 0.425 Thread 0x0000022aab4e2000  923       3       java.util.zip.ZipUtils::CENLEN (9 bytes)
Event: 0.425 Thread 0x0000022aab4e2000 nmethod 923 0x0000022a94b76390 code [0x0000022a94b76560, 0x0000022a94b76898]

GC Heap History (0 events):
No events

Deoptimization events (20 events):
Event: 0.169 Thread 0x0000022a8bf1a800 Uncommon trap: trap_request=0xffffff45 fr.pc=0x0000022a9bf0b308 relative=0x0000000000000068
Event: 0.169 Thread 0x0000022a8bf1a800 Uncommon trap: reason=unstable_if action=reinterpret pc=0x0000022a9bf0b308 method=java.lang.String.isLatin1()Z @ 10 c2
Event: 0.169 Thread 0x0000022a8bf1a800 DEOPT PACKING pc=0x0000022a9bf0b308 sp=0x0000007affbfd820
Event: 0.169 Thread 0x0000022a8bf1a800 DEOPT UNPACKING pc=0x0000022a9447912f sp=0x0000007affbfd7b0 mode 2
Event: 0.263 Thread 0x0000022aac37f000 Uncommon trap: trap_request=0xffffff45 fr.pc=0x0000022a9bf215bc relative=0x000000000000009c
Event: 0.263 Thread 0x0000022aac37f000 Uncommon trap: reason=unstable_if action=reinterpret pc=0x0000022a9bf215bc method=java.util.HashMap.hash(Ljava/lang/Object;)I @ 1 c2
Event: 0.263 Thread 0x0000022aac37f000 DEOPT PACKING pc=0x0000022a9bf215bc sp=0x0000007a80ffde20
Event: 0.263 Thread 0x0000022aac37f000 DEOPT UNPACKING pc=0x0000022a9447912f sp=0x0000007a80ffddb8 mode 2
Event: 0.273 Thread 0x0000022aac37f000 Uncommon trap: trap_request=0xffffff45 fr.pc=0x0000022a9bf200ac relative=0x000000000000018c
Event: 0.273 Thread 0x0000022aac37f000 Uncommon trap: reason=unstable_if action=reinterpret pc=0x0000022a9bf200ac method=java.lang.String.equals(Ljava/lang/Object;)Z @ 33 c2
Event: 0.273 Thread 0x0000022aac37f000 DEOPT PACKING pc=0x0000022a9bf200ac sp=0x0000007a80ffe510
Event: 0.273 Thread 0x0000022aac37f000 DEOPT UNPACKING pc=0x0000022a9447912f sp=0x0000007a80ffe4a0 mode 2
Event: 0.273 Thread 0x0000022aac37f000 Uncommon trap: trap_request=0xffffff45 fr.pc=0x0000022a9bf08f20 relative=0x0000000000000080
Event: 0.273 Thread 0x0000022aac37f000 Uncommon trap: reason=unstable_if action=reinterpret pc=0x0000022a9bf08f20 method=java.lang.String.isLatin1()Z @ 10 c2
Event: 0.273 Thread 0x0000022aac37f000 DEOPT PACKING pc=0x0000022a9bf08f20 sp=0x0000007a80ffe210
Event: 0.273 Thread 0x0000022aac37f000 DEOPT UNPACKING pc=0x0000022a9447912f sp=0x0000007a80ffe150 mode 2
Event: 0.309 Thread 0x0000022aac37f000 Uncommon trap: trap_request=0xffffff45 fr.pc=0x0000022a9bf2ba78 relative=0x0000000000000a58
Event: 0.309 Thread 0x0000022aac37f000 Uncommon trap: reason=unstable_if action=reinterpret pc=0x0000022a9bf2ba78 method=java.util.HashMap.putVal(ILjava/lang/Object;Ljava/lang/Object;ZZ)Ljava/lang/Object; @ 109 c2
Event: 0.309 Thread 0x0000022aac37f000 DEOPT PACKING pc=0x0000022a9bf2ba78 sp=0x0000007a80ffc930
Event: 0.309 Thread 0x0000022aac37f000 DEOPT UNPACKING pc=0x0000022a9447912f sp=0x0000007a80ffc8d8 mode 2

Classes unloaded (0 events):
No events

Classes redefined (0 events):
No events

Internal exceptions (20 events):
Event: 0.192 Thread 0x0000022a8bf1a800 Exception <a 'java/lang/ClassNotFoundException'{0x0000000089cf3b80}: ToolBar> (0x0000000089cf3b80) 
thrown [t:/workspace/open/src/hotspot/share/classfile/systemDictionary.cpp, line 232]
Event: 0.192 Thread 0x0000022a8bf1a800 Exception <a 'java/lang/ClassNotFoundException'{0x0000000089cf3ee0}: Button> (0x0000000089cf3ee0) 
thrown [t:/workspace/open/src/hotspot/share/classfile/systemDictionary.cpp, line 232]
Event: 0.192 Thread 0x0000022a8bf1a800 Exception <a 'java/lang/ClassNotFoundException'{0x0000000089cf43a8}: ToolBar> (0x0000000089cf43a8) 
thrown [t:/workspace/open/src/hotspot/share/classfile/systemDictionary.cpp, line 232]
Event: 0.192 Thread 0x0000022a8bf1a800 Exception <a 'java/lang/ClassNotFoundException'{0x0000000089cf4718}: ToggleButton> (0x0000000089cf4718) 
thrown [t:/workspace/open/src/hotspot/share/classfile/systemDictionary.cpp, line 232]
Event: 0.192 Thread 0x0000022a8bf1a800 Exception <a 'java/lang/ClassNotFoundException'{0x0000000089cf4b58}: javax/swing/JToolBarSeparator> (0x0000000089cf4b58) 
thrown [t:/workspace/open/src/hotspot/share/classfile/systemDictionary.cpp, line 232]
Event: 0.192 Thread 0x0000022a8bf1a800 Exception <a 'java/lang/ClassNotFoundException'{0x0000000089cf4e60}: ToolBarSeparator> (0x0000000089cf4e60) 
thrown [t:/workspace/open/src/hotspot/share/classfile/systemDictionary.cpp, line 232]
Event: 0.192 Thread 0x0000022a8bf1a800 Exception <a 'java/lang/ClassNotFoundException'{0x0000000089cf5378}: ToolTip> (0x0000000089cf5378) 
thrown [t:/workspace/open/src/hotspot/share/classfile/systemDictionary.cpp, line 232]
Event: 0.193 Thread 0x0000022a8bf1a800 Exception <a 'java/lang/ClassNotFoundException'{0x0000000089cf5cc8}: Tree> (0x0000000089cf5cc8) 
thrown [t:/workspace/open/src/hotspot/share/classfile/systemDictionary.cpp, line 232]
Event: 0.193 Thread 0x0000022a8bf1a800 Exception <a 'java/lang/ClassNotFoundException'{0x0000000089cf61c0}: Tree> (0x0000000089cf61c0) 
thrown [t:/workspace/open/src/hotspot/share/classfile/systemDictionary.cpp, line 232]
Event: 0.193 Thread 0x0000022a8bf1a800 Exception <a 'java/lang/ClassNotFoundException'{0x0000000089cf6778}: javax/swing/JTreeCell> (0x0000000089cf6778) 
thrown [t:/workspace/open/src/hotspot/share/classfile/systemDictionary.cpp, line 232]
Event: 0.193 Thread 0x0000022a8bf1a800 Exception <a 'java/lang/ClassNotFoundException'{0x0000000089cf6a78}: TreeCell> (0x0000000089cf6a78) 
thrown [t:/workspace/open/src/hotspot/share/classfile/systemDictionary.cpp, line 232]
Event: 0.193 Thread 0x0000022a8bf1a800 Exception <a 'java/lang/ClassNotFoundException'{0x0000000089cf7238}: RootPane> (0x0000000089cf7238) 
thrown [t:/workspace/open/src/hotspot/share/classfile/systemDictionary.cpp, line 232]
Event: 0.194 Thread 0x0000022a8bf1a800 Exception <a 'java/lang/ClassNotFoundException'{0x0000000089cfa000}: com/sun/swing/internal/plaf/metal/resources/spi/metalProvider> (0x0000000089cfa000) 
thrown [t:/workspace/open/src/hotspot/share/classfile/systemDictionary.cpp, line 232]
Event: 0.194 Thread 0x0000022a8bf1a800 Exception <a 'java/lang/ClassNotFoundException'{0x0000000089cfde00}: com/sun/swing/internal/plaf/basic/resources/spi/basicProvider> (0x0000000089cfde00) 
thrown [t:/workspace/open/src/hotspot/share/classfile/systemDictionary.cpp, line 232]
Event: 0.211 Thread 0x0000022aac37f000 Exception <a 'java/lang/ClassNotFoundException'{0x0000000089a13318}: com/sun/swing/internal/plaf/synth/resources/spi/synthProvider> (0x0000000089a13318) 
thrown [t:/workspace/open/src/hotspot/share/classfile/systemDictionary.cpp, line 232]
Event: 0.263 Thread 0x0000022aac37f000 Implicit null exception at 0x0000022a9bf2152f to 0x0000022a9bf215ad
Event: 0.296 Thread 0x0000022aac37f000 Exception <a 'java/lang/NoSuchMethodError'{0x0000000089927560}: 'void java.lang.invoke.DirectMethodHandle$Holder.invokeStaticInit(java.lang.Object)'> (0x0000000089927560) 
thrown [t:/workspace/open/src/hotspot/share/interpreter/linkResolver.cpp, line 767]
Event: 0.301 Thread 0x0000022aac37f000 Exception <a 'java/lang/NoSuchMethodError'{0x000000008994e188}: 'java.lang.Object java.lang.invoke.Invokers$Holder.linkToTargetMethod(java.lang.Object, int, java.lang.Object)'> (0x000000008994e188) 
thrown [t:/workspace/open/src/hotspot/share/interpreter/linkResolver.cpp, line 767]
Event: 0.363 Thread 0x0000022aac37f000 Exception <a 'java/lang/NoSuchMethodError'{0x00000000898f71d8}: 'int java.lang.invoke.DirectMethodHandle$Holder.invokeSpecialIFC(java.lang.Object, java.lang.Object, int)'> (0x00000000898f71d8) 
thrown [t:/workspace/open/src/hotspot/share/interpreter/linkResolver.cpp, line 767]
Event: 0.409 Thread 0x0000022aac37f000 Exception <a 'java/lang/NoSuchMethodError'{0x0000000089606a00}: 'java.lang.Object java.lang.invoke.DirectMethodHandle$Holder.invokeVirtual(java.lang.Object, java.lang.Object, java.lang.Object)'> (0x0000000089606a00) 
thrown [t:/workspace/open/src/hotspot/share/interpreter/linkResolver.cpp, line 767]

Events (20 events):
Event: 0.422 loading class com/mysql/cj/jdbc/result/CachedResultSetMetaData
Event: 0.422 loading class com/mysql/cj/jdbc/result/CachedResultSetMetaData done
Event: 0.422 loading class com/mysql/cj/protocol/ColumnDefinition
Event: 0.422 loading class com/mysql/cj/protocol/ColumnDefinition done
Event: 0.422 loading class com/mysql/cj/protocol/ProtocolEntity
Event: 0.422 loading class com/mysql/cj/protocol/ProtocolEntity done
Event: 0.422 loading class com/mysql/cj/log/StandardLogger
Event: 0.422 loading class com/mysql/cj/log/StandardLogger done
Event: 0.423 loading class com/mysql/cj/log/Log
Event: 0.423 loading class com/mysql/cj/log/Log done
Event: 0.424 loading class com/mysql/cj/jdbc/JdbcPropertySetImpl
Event: 0.424 loading class com/mysql/cj/jdbc/JdbcPropertySetImpl done
Event: 0.424 loading class com/mysql/cj/conf/DefaultPropertySet
Event: 0.424 loading class com/mysql/cj/conf/DefaultPropertySet done
Event: 0.425 loading class com/mysql/cj/conf/PropertyDefinition
Event: 0.425 loading class com/mysql/cj/conf/PropertyDefinition done
Event: 0.425 loading class com/mysql/cj/conf/RuntimeProperty
Event: 0.425 loading class com/mysql/cj/conf/RuntimeProperty done
Event: 0.425 loading class com/mysql/cj/conf/PropertyDefinitions
Event: 0.425 loading class com/mysql/cj/conf/PropertyDefinitions done


Dynamic libraries:
0x00007ff794f40000 - 0x00007ff794f4f000 	C:\Program Files\Java\jdk-13.0.2\bin\java.exe
0x00007ffe94df0000 - 0x00007ffe94fe5000 	C:\WINDOWS\SYSTEM32\ntdll.dll
0x00007ffe93650000 - 0x00007ffe9370d000 	C:\WINDOWS\System32\KERNEL32.DLL
0x00007ffe92890000 - 0x00007ffe92b58000 	C:\WINDOWS\System32\KERNELBASE.dll
0x00007ffe92700000 - 0x00007ffe92800000 	C:\WINDOWS\System32\ucrtbase.dll
0x00007ffe8c580000 - 0x00007ffe8c598000 	C:\Program Files\Java\jdk-13.0.2\bin\jli.dll
0x00007ffe8e0c0000 - 0x00007ffe8e0d5000 	C:\Program Files\Java\jdk-13.0.2\bin\VCRUNTIME140.dll
0x00007ffe94680000 - 0x00007ffe9472c000 	C:\WINDOWS\System32\ADVAPI32.dll
0x00007ffe93990000 - 0x00007ffe93a2e000 	C:\WINDOWS\System32\msvcrt.dll
0x00007ffe93400000 - 0x00007ffe9349b000 	C:\WINDOWS\System32\sechost.dll
0x00007ffe92e60000 - 0x00007ffe92f8b000 	C:\WINDOWS\System32\RPCRT4.dll
0x00007ffe93a90000 - 0x00007ffe93c30000 	C:\WINDOWS\System32\USER32.dll
0x00007ffe7ef70000 - 0x00007ffe7f20a000 	C:\WINDOWS\WinSxS\amd64_microsoft.windows.common-controls_6595b64144ccf1df_6.0.19041.1052_none_60b8f8fd71f5e8cb\COMCTL32.dll
0x00007ffe925c0000 - 0x00007ffe925e2000 	C:\WINDOWS\System32\win32u.dll
0x00007ffe94d80000 - 0x00007ffe94daa000 	C:\WINDOWS\System32\GDI32.dll
0x00007ffe925f0000 - 0x00007ffe926fb000 	C:\WINDOWS\System32\gdi32full.dll
0x00007ffe92dc0000 - 0x00007ffe92e5d000 	C:\WINDOWS\System32\msvcp_win.dll
0x00007ffe8ad70000 - 0x00007ffe8ad7a000 	C:\WINDOWS\SYSTEM32\VERSION.dll
0x00007ffe93f10000 - 0x00007ffe93f40000 	C:\WINDOWS\System32\IMM32.DLL
0x00007ffe6e4a0000 - 0x00007ffe6e53b000 	C:\Program Files\Java\jdk-13.0.2\bin\msvcp140.dll
0x00007ffe49770000 - 0x00007ffe4a2cd000 	C:\Program Files\Java\jdk-13.0.2\bin\server\jvm.dll
0x00007ffe93980000 - 0x00007ffe93988000 	C:\WINDOWS\System32\PSAPI.DLL
0x00007ffe77ec0000 - 0x00007ffe77ec9000 	C:\WINDOWS\SYSTEM32\WSOCK32.dll
0x00007ffe7f3c0000 - 0x00007ffe7f3e7000 	C:\WINDOWS\SYSTEM32\WINMM.dll
0x00007ffe94730000 - 0x00007ffe9479b000 	C:\WINDOWS\System32\WS2_32.dll
0x00007ffe90480000 - 0x00007ffe90492000 	C:\WINDOWS\SYSTEM32\kernel.appcore.dll
0x00007ffe8e010000 - 0x00007ffe8e020000 	C:\Program Files\Java\jdk-13.0.2\bin\verify.dll
0x00007ffe7bc90000 - 0x00007ffe7be74000 	C:\WINDOWS\SYSTEM32\DBGHELP.DLL
0x00007ffe74b70000 - 0x00007ffe74b9c000 	C:\WINDOWS\SYSTEM32\dbgcore.DLL
0x00007ffe92530000 - 0x00007ffe925b3000 	C:\WINDOWS\System32\bcryptPrimitives.dll
0x00007ffe87960000 - 0x00007ffe87986000 	C:\Program Files\Java\jdk-13.0.2\bin\java.dll
0x00007ffe87e60000 - 0x00007ffe87e77000 	C:\Program Files\Java\jdk-13.0.2\bin\zip.dll
0x00007ffe8e000000 - 0x00007ffe8e00a000 	C:\Program Files\Java\jdk-13.0.2\bin\jimage.dll
0x00007ffe93f40000 - 0x00007ffe9467f000 	C:\WINDOWS\System32\SHELL32.dll
0x00007ffe90680000 - 0x00007ffe90e10000 	C:\WINDOWS\SYSTEM32\windows.storage.dll
0x00007ffe948c0000 - 0x00007ffe94c15000 	C:\WINDOWS\System32\combase.dll
0x00007ffe91fa0000 - 0x00007ffe91fcc000 	C:\WINDOWS\SYSTEM32\Wldp.dll
0x00007ffe94c20000 - 0x00007ffe94cce000 	C:\WINDOWS\System32\SHCORE.dll
0x00007ffe93840000 - 0x00007ffe93895000 	C:\WINDOWS\System32\shlwapi.dll
0x00007ffe92470000 - 0x00007ffe9248f000 	C:\WINDOWS\SYSTEM32\profapi.dll
0x00007ffe87b20000 - 0x00007ffe87b39000 	C:\Program Files\Java\jdk-13.0.2\bin\net.dll
0x00007ffe820f0000 - 0x00007ffe821fb000 	C:\WINDOWS\SYSTEM32\WINHTTP.dll
0x00007ffe91d10000 - 0x00007ffe91d7a000 	C:\WINDOWS\system32\mswsock.dll
0x00007ffe87940000 - 0x00007ffe87953000 	C:\Program Files\Java\jdk-13.0.2\bin\nio.dll
0x00007ffe6e1e0000 - 0x00007ffe6e379000 	C:\Program Files\Java\jdk-13.0.2\bin\awt.dll
0x00007ffe93c30000 - 0x00007ffe93cfd000 	C:\WINDOWS\System32\OLEAUT32.dll
0x00007ffe8fec0000 - 0x00007ffe8ff50000 	C:\WINDOWS\SYSTEM32\apphelp.dll
0x00007ffe8ffc0000 - 0x00007ffe9005e000 	C:\WINDOWS\system32\uxtheme.dll
0x00007ffe947a0000 - 0x00007ffe948b5000 	C:\WINDOWS\System32\MSCTF.dll
0x00007ffe93710000 - 0x00007ffe9383a000 	C:\WINDOWS\System32\ole32.dll
0x00007ffe90190000 - 0x00007ffe901bf000 	C:\WINDOWS\system32\DWMAPI.DLL
0x00007ffe6e410000 - 0x00007ffe6e492000 	C:\Program Files\Java\jdk-13.0.2\bin\freetype.dll
0x00007ffe5f450000 - 0x00007ffe5f4f6000 	C:\Program Files\Java\jdk-13.0.2\bin\fontmanager.dll
0x00007ffe678b0000 - 0x00007ffe679d6000 	C:\WINDOWS\system32\opengl32.dll
0x00007ffe68880000 - 0x00007ffe688ac000 	C:\WINDOWS\SYSTEM32\GLU32.dll
0x00007ffe94cd0000 - 0x00007ffe94d79000 	C:\WINDOWS\System32\clbcatq.dll
0x00007ffe8b080000 - 0x00007ffe8b234000 	C:\WINDOWS\SYSTEM32\WindowsCodecs.dll
0x00007ffe92860000 - 0x00007ffe92887000 	C:\WINDOWS\System32\bcrypt.dll
0x00007ffe5caa0000 - 0x00007ffe5cade000 	C:\WINDOWS\system32\dataexchange.dll
0x00007ffe8e2f0000 - 0x00007ffe8e554000 	C:\WINDOWS\system32\d3d11.dll
0x00007ffe8f250000 - 0x00007ffe8f436000 	C:\WINDOWS\system32\dcomp.dll
0x00007ffe90e70000 - 0x00007ffe90f64000 	C:\WINDOWS\system32\dxgi.dll
0x00007ffe8b640000 - 0x00007ffe8b841000 	C:\WINDOWS\system32\twinapi.appcore.dll

dbghelp: loaded successfully - version: 4.0.5 - missing functions: none
symbol engine: initialized successfully - sym options: 0x614 - pdb path: .;C:\Program Files\Java\jdk-13.0.2\bin;C:\WINDOWS\SYSTEM32;C:\WINDOWS\WinSxS\amd64_microsoft.windows.common-controls_6595b64144ccf1df_6.0.19041.1052_none_60b8f8fd71f5e8cb;C:\Program Files\Java\jdk-13.0.2\bin\server

VM Arguments:
jvm_args: -Dfile.encoding=UTF-8 
java_command: ustunerturizm2.frmGirisEkrani
java_class_path (initial): C:\Program Files (x86)\MySQL\Connector J 8.0\mysql-connector-java-8.0.20.jar;C:\Users\iserh\Desktop\jdatepicker-1.3.4.jar;C:\Users\iserh\Documents\NetBeansProjects\UstunerTurizm2\build\classes
Launcher Type: SUN_STANDARD

[Global flags]
     intx CICompilerCount                          = 4                                         {product} {ergonomic}
     uint ConcGCThreads                            = 2                                         {product} {ergonomic}
     uint G1ConcRefinementThreads                  = 8                                         {product} {ergonomic}
   size_t G1HeapRegionSize                         = 1048576                                   {product} {ergonomic}
    uintx GCDrainStackTargetSize                   = 64                                        {product} {ergonomic}
   size_t InitialHeapSize                          = 132120576                                 {product} {ergonomic}
   size_t MarkStackSize                            = 4194304                                   {product} {ergonomic}
   size_t MaxHeapSize                              = 2111832064                                {product} {ergonomic}
   size_t MaxNewSize                               = 1266679808                                {product} {ergonomic}
   size_t MinHeapDeltaBytes                        = 1048576                                   {product} {ergonomic}
   size_t MinHeapSize                              = 8388608                                   {product} {ergonomic}
    uintx NonNMethodCodeHeapSize                   = 5839372                                {pd product} {ergonomic}
    uintx NonProfiledCodeHeapSize                  = 122909434                              {pd product} {ergonomic}
    uintx ProfiledCodeHeapSize                     = 122909434                              {pd product} {ergonomic}
    uintx ReservedCodeCacheSize                    = 251658240                              {pd product} {ergonomic}
     bool SegmentedCodeCache                       = true                                      {product} {ergonomic}
   size_t SoftMaxHeapSize                          = 2111832064                             {manageable} {ergonomic}
     bool UseCompressedClassPointers               = true                                 {lp64_product} {ergonomic}
     bool UseCompressedOops                        = true                                 {lp64_product} {ergonomic}
     bool UseG1GC                                  = true                                      {product} {ergonomic}
     bool UseLargePagesIndividualAllocation        = false                                  {pd product} {ergonomic}

Logging:
Log output configuration:
 #0: stdout all=warning uptime,level,tags
 #1: stderr all=off uptime,level,tags

Environment Variables:
PATH=C:\Windows\system32;C:\Windows;C:\Windows\System32\Wbem;C:\Windows\System32\WindowsPowerShell\v1.0\;C:\Windows\System32\OpenSSH\;C:\Program Files (x86)\NVIDIA Corporation\PhysX\Common;C:\Program Files\Intel\WiFi\bin\;C:\Program Files\Common Files\Intel\WirelessCommon\;C:\Program Files (x86)\Intel\Intel(R) Management Engine Components\DAL;C:\Program Files\Intel\Intel(R) Management Engine Components\DAL;C:\Program Files\Microsoft SQL Server\130\Tools\Binn\;C:\Program Files\Microsoft SQL Server\Client SDK\ODBC\170\Tools\Binn\;C:\Program Files (x86)\Microsoft SQL Server\150\Tools\Binn\;C:\Program Files\Microsoft SQL Server\150\Tools\Binn\;C:\Program Files\Microsoft SQL Server\150\DTS\Binn\;C:\WINDOWS\system32;C:\WINDOWS;C:\WINDOWS\System32\Wbem;C:\WINDOWS\System32\WindowsPowerShell\v1.0\;C:\WINDOWS\System32\OpenSSH\;C:\Program Files\Git\cmd;C:\Users\iserh\AppData\Local\Programs\Python\Python38-32\Scripts\;C:\Users\iserh\AppData\Local\Programs\Python\Python38-32\;C:\Users\iserh\AppData\Local\Microsoft\WindowsApps;C:\Program Files\Intel\WiFi\bin\;C:\Program Files\Common Files\Intel\WirelessCommon\;C:\Users\iserh\AppData\Local\GitHubDesktop\bin;C:\Users\iserh\AppData\Local\Programs\Microsoft VS Code\bin;C:\altera\13.1\modelsim_ase\win32aloem;C:\Users\iserh\AppData\Local\Microsoft\WindowsApps;
USERNAME=iserh
OS=Windows_NT
PROCESSOR_IDENTIFIER=Intel64 Family 6 Model 158 Stepping 10, GenuineIntel



---------------  S Y S T E M  ---------------

OS: Windows 10 , 64 bit Build 19041 (10.0.19041.1023)

CPU:total 8 (initial active 8) (4 cores per cpu, 2 threads per core) family 6 model 158 stepping 10, cmov, cx8, fxsr, mmx, sse, sse2, sse3, ssse3, sse4.1, sse4.2, popcnt, avx, avx2, aes, clmul, erms, 3dnowpref, lzcnt, ht, tsc, tscinvbit, bmi1, bmi2, adx, fma

Memory: 4k page, system-wide physical 8051M (706M free)
TotalPageFile size 32627M (AvailPageFile size 0M)
current process WorkingSet (physical memory assigned to process): 71M, peak: 71M
current process commit charge ("private bytes"): 231M, peak: 231M

vm_info: Java HotSpot(TM) 64-Bit Server VM (13.0.2+8) for windows-amd64 JRE (13.0.2+8), built on Dec 11 2019 09:20:33 by "mach5one" with unknown MS VC++:1916

END.
