#
# There is insufficient memory for the Java Runtime Environment to continue.
# Native memory allocation (malloc) failed to allocate 245296 bytes for Chunk::new
# Possible reasons:
#   The system is out of physical RAM or swap space
#   The process is running with CompressedOops enabled, and the Java Heap may be blocking the growth of the native heap
# Possible solutions:
#   Reduce memory load on the system
#   Increase physical memory or swap space
#   Check if swap backing store is full
#   Decrease Java heap size (-Xmx/-Xms)
#   Decrease number of Java threads
#   Decrease Java thread stack sizes (-Xss)
#   Set larger code cache with -XX:ReservedCodeCacheSize=
#   JVM is running with Unscaled Compressed Oops mode in which the Java heap is
#     placed in the first 4GB address space. The Java Heap base address is the
#     maximum limit for the native heap growth. Please use -XX:HeapBaseMinAddress
#     to set the Java Heap base and to place the Java Heap above 4GB virtual address.
# This output file may be truncated or incomplete.
#
#  Out of Memory Error (t:/workspace/open/src/hotspot/share/memory/arena.cpp:196), pid=13908, tid=25904
#
# JRE version: Java(TM) SE Runtime Environment (13.0.2+8) (build 13.0.2+8)
# Java VM: Java HotSpot(TM) 64-Bit Server VM (13.0.2+8, mixed mode, sharing, tiered, compressed oops, g1 gc, windows-amd64)
# No core dump will be written. Minidumps are not enabled by default on client versions of Windows
#

---------------  S U M M A R Y ------------

Command Line: -Dfile.encoding=UTF-8 ustunerturizm2.frmGirisEkrani

Host: Intel(R) Core(TM) i5-9300H CPU @ 2.40GHz, 8 cores, 7G,  Windows 10 , 64 bit Build 19041 (10.0.19041.1023)
Time: Sat Jun 26 02:29:00 2021 Turkey Standard Time elapsed time: 1 seconds (0d 0h 0m 1s)

---------------  T H R E A D  ---------------

Current thread (0x000001bd02520800):  JavaThread "C2 CompilerThread0" daemon [_thread_in_native, id=25904, stack(0x00000012a6c00000,0x00000012a6d00000)]


Current CompileTask:
C2:   1010 1796       4       sun.security.util.AbstractAlgorithmConstraints::checkAlgorithm (138 bytes)

Stack: [0x00000012a6c00000,0x00000012a6d00000]
Native frames: (J=compiled Java code, j=interpreted, Vv=VM code, C=native code)
V  [jvm.dll+0x624f9a]
V  [jvm.dll+0x770cfa]
V  [jvm.dll+0x7724af]
V  [jvm.dll+0x772ab3]
V  [jvm.dll+0x24bf08]
V  [jvm.dll+0xc1e47]
V  [jvm.dll+0xc23cc]
V  [jvm.dll+0x2bdbf4]
V  [jvm.dll+0x5441fd]
V  [jvm.dll+0x20de66]
V  [jvm.dll+0x207652]
V  [jvm.dll+0x204d1d]
V  [jvm.dll+0x189c2c]
V  [jvm.dll+0x213e6d]
V  [jvm.dll+0x2120bb]
V  [jvm.dll+0x736bb6]
V  [jvm.dll+0x72fcaa]
V  [jvm.dll+0x623ea6]
C  [ucrtbase.dll+0x21bb2]
C  [KERNEL32.DLL+0x17034]
C  [ntdll.dll+0x52651]


---------------  P R O C E S S  ---------------

Threads class SMR info:
_java_thread_list=0x000001bd0411a9c0, length=16, elements={
0x000001bd024f9000, 0x000001bd024fc000, 0x000001bd0251d800, 0x000001bd0251f800,
0x000001bd02520800, 0x000001bd02525000, 0x000001bd02527000, 0x000001bd02f8e800,
0x000001bd02fd9800, 0x000001bd031cc000, 0x000001bd031cf000, 0x000001bd03229000,
0x000001bd03cc3800, 0x000001bd62e99800, 0x000001bd040ea000, 0x000001bd0414a800
}

Java Threads: ( => current thread )
  0x000001bd024f9000 JavaThread "Reference Handler" daemon [_thread_blocked, id=27680, stack(0x00000012a6800000,0x00000012a6900000)]
  0x000001bd024fc000 JavaThread "Finalizer" daemon [_thread_blocked, id=27448, stack(0x00000012a6900000,0x00000012a6a00000)]
  0x000001bd0251d800 JavaThread "Signal Dispatcher" daemon [_thread_blocked, id=29200, stack(0x00000012a6a00000,0x00000012a6b00000)]
  0x000001bd0251f800 JavaThread "Attach Listener" daemon [_thread_blocked, id=29328, stack(0x00000012a6b00000,0x00000012a6c00000)]
=>0x000001bd02520800 JavaThread "C2 CompilerThread0" daemon [_thread_in_native, id=25904, stack(0x00000012a6c00000,0x00000012a6d00000)]
  0x000001bd02525000 JavaThread "C1 CompilerThread0" daemon [_thread_blocked, id=20508, stack(0x00000012a6d00000,0x00000012a6e00000)]
  0x000001bd02527000 JavaThread "Sweeper thread" daemon [_thread_blocked, id=15612, stack(0x00000012a6e00000,0x00000012a6f00000)]
  0x000001bd02f8e800 JavaThread "Service Thread" daemon [_thread_blocked, id=28284, stack(0x00000012a6f00000,0x00000012a7000000)]
  0x000001bd02fd9800 JavaThread "Common-Cleaner" daemon [_thread_blocked, id=29288, stack(0x00000012a7100000,0x00000012a7200000)]
  0x000001bd031cc000 JavaThread "Java2D Disposer" daemon [_thread_blocked, id=27864, stack(0x00000012a7200000,0x00000012a7300000)]
  0x000001bd031cf000 JavaThread "AWT-Shutdown" [_thread_blocked, id=25824, stack(0x00000012a7300000,0x00000012a7400000)]
  0x000001bd03229000 JavaThread "AWT-Windows" daemon [_thread_in_native, id=2676, stack(0x00000012a7400000,0x00000012a7500000)]
  0x000001bd03cc3800 JavaThread "AWT-EventQueue-0" [_thread_in_native, id=29140, stack(0x00000012a7500000,0x00000012a7600000)]
  0x000001bd62e99800 JavaThread "DestroyJavaVM" [_thread_blocked, id=28804, stack(0x00000012a6100000,0x00000012a6200000)]
  0x000001bd040ea000 JavaThread "mysql-cj-abandoned-connection-cleanup" daemon [_thread_blocked, id=13612, stack(0x00000012a7900000,0x00000012a7a00000)]
  0x000001bd0414a800 JavaThread "C2 CompilerThread1" daemon [_thread_blocked, id=2176, stack(0x00000012a7a00000,0x00000012a7b00000)]

Other Threads:
  0x000001bd024f8000 VMThread "VM Thread" [stack: 0x00000012a6700000,0x00000012a6800000] [id=27824]
  0x000001bd02fd8800 WatcherThread [stack: 0x00000012a7000000,0x00000012a7100000] [id=24788]
  0x000001bd62edc800 GCTaskThread "GC Thread#0" [stack: 0x00000012a6200000,0x00000012a6300000] [id=29280]
  0x000001bd041df000 GCTaskThread "GC Thread#1" [stack: 0x00000012a7b00000,0x00000012a7c00000] [id=28408]
  0x000001bd04288800 GCTaskThread "GC Thread#2" [stack: 0x00000012a7c00000,0x00000012a7d00000] [id=500]
  0x000001bd042f6800 GCTaskThread "GC Thread#3" [stack: 0x00000012a7d00000,0x00000012a7e00000] [id=18684]
  0x000001bd042f7000 GCTaskThread "GC Thread#4" [stack: 0x00000012a7e00000,0x00000012a7f00000] [id=29236]
  0x000001bd0436a800 GCTaskThread "GC Thread#5" [stack: 0x00000012a7f00000,0x00000012a8000000] [id=16628]
  0x000001bd62eed800 ConcurrentGCThread "G1 Main Marker" [stack: 0x00000012a6300000,0x00000012a6400000] [id=28176]
  0x000001bd62eef800 ConcurrentGCThread "G1 Conc#0" [stack: 0x00000012a6400000,0x00000012a6500000] [id=28808]
  0x000001bd62f7e800 ConcurrentGCThread "G1 Refine#0" [stack: 0x00000012a6500000,0x00000012a6600000] [id=26204]
  0x000001bd031b1000 ConcurrentGCThread "G1 Refine#1" [stack: 0x00000012a8000000,0x00000012a8100000] [id=26232]
  0x000001bd02fe4000 ConcurrentGCThread "G1 Refine#2" [stack: 0x00000012a8100000,0x00000012a8200000] [id=29100]
  0x000001bd05239800 ConcurrentGCThread "G1 Refine#3" [stack: 0x00000012a8200000,0x00000012a8300000] [id=15908]
  0x000001bd02373000 ConcurrentGCThread "G1 Young RemSet Sampling" [stack: 0x00000012a6600000,0x00000012a6700000] [id=3844]

Threads with active compile tasks:
C2 CompilerThread0     1029 1796       4       sun.security.util.AbstractAlgorithmConstraints::checkAlgorithm (138 bytes)

VM state:not at safepoint (normal execution)

VM Mutex/Monitor currently owned by a thread: None

Heap address: 0x0000000082200000, size: 2014 MB, Compressed Oops mode: 32-bit
Narrow klass base: 0x0000000800000000, Narrow klass shift: 3
Compressed class space size: 1073741824 Address: 0x0000000800b40000

Heap:
 garbage-first heap   total 129024K, used 8676K [0x0000000082200000, 0x0000000100000000)
  region size 1024K, 6 young (6144K), 3 survivors (3072K)
 Metaspace       used 18787K, capacity 19182K, committed 19328K, reserved 1067008K
  class space    used 2242K, capacity 2395K, committed 2432K, reserved 1048576K
Heap Regions: E=young(eden), S=young(survivor), O=old, HS=humongous(starts), HC=humongous(continues), CS=collection set, F=free, A=archive, TAMS=top-at-mark-start (previous, next)
|   0|0x0000000082200000, 0x0000000082300000, 0x0000000082300000|100%| O|  |TAMS 0x0000000082200000, 0x0000000082200000| Untracked 
|   1|0x0000000082300000, 0x0000000082400000, 0x0000000082400000|100%| O|  |TAMS 0x0000000082300000, 0x0000000082300000| Untracked 
|   2|0x0000000082400000, 0x0000000082500000, 0x0000000082500000|100%| O|  |TAMS 0x0000000082400000, 0x0000000082400000| Untracked 
|   3|0x0000000082500000, 0x0000000082579000, 0x0000000082600000| 47%| O|  |TAMS 0x0000000082500000, 0x0000000082500000| Untracked 
|   4|0x0000000082600000, 0x0000000082600000, 0x0000000082700000|  0%| F|  |TAMS 0x0000000082600000, 0x0000000082600000| Untracked 
|   5|0x0000000082700000, 0x0000000082700000, 0x0000000082800000|  0%| F|  |TAMS 0x0000000082700000, 0x0000000082700000| Untracked 
|   6|0x0000000082800000, 0x0000000082800000, 0x0000000082900000|  0%| F|  |TAMS 0x0000000082800000, 0x0000000082800000| Untracked 
|   7|0x0000000082900000, 0x0000000082900000, 0x0000000082a00000|  0%| F|  |TAMS 0x0000000082900000, 0x0000000082900000| Untracked 
|   8|0x0000000082a00000, 0x0000000082a00000, 0x0000000082b00000|  0%| F|  |TAMS 0x0000000082a00000, 0x0000000082a00000| Untracked 
|   9|0x0000000082b00000, 0x0000000082b00000, 0x0000000082c00000|  0%| F|  |TAMS 0x0000000082b00000, 0x0000000082b00000| Untracked 
|  10|0x0000000082c00000, 0x0000000082c00000, 0x0000000082d00000|  0%| F|  |TAMS 0x0000000082c00000, 0x0000000082c00000| Untracked 
|  11|0x0000000082d00000, 0x0000000082d00000, 0x0000000082e00000|  0%| F|  |TAMS 0x0000000082d00000, 0x0000000082d00000| Untracked 
|  12|0x0000000082e00000, 0x0000000082e00000, 0x0000000082f00000|  0%| F|  |TAMS 0x0000000082e00000, 0x0000000082e00000| Untracked 
|  13|0x0000000082f00000, 0x0000000082f00000, 0x0000000083000000|  0%| F|  |TAMS 0x0000000082f00000, 0x0000000082f00000| Untracked 
|  14|0x0000000083000000, 0x0000000083000000, 0x0000000083100000|  0%| F|  |TAMS 0x0000000083000000, 0x0000000083000000| Untracked 
|  15|0x0000000083100000, 0x0000000083100000, 0x0000000083200000|  0%| F|  |TAMS 0x0000000083100000, 0x0000000083100000| Untracked 
|  16|0x0000000083200000, 0x0000000083200000, 0x0000000083300000|  0%| F|  |TAMS 0x0000000083200000, 0x0000000083200000| Untracked 
|  17|0x0000000083300000, 0x0000000083300000, 0x0000000083400000|  0%| F|  |TAMS 0x0000000083300000, 0x0000000083300000| Untracked 
|  18|0x0000000083400000, 0x0000000083400000, 0x0000000083500000|  0%| F|  |TAMS 0x0000000083400000, 0x0000000083400000| Untracked 
|  19|0x0000000083500000, 0x0000000083500000, 0x0000000083600000|  0%| F|  |TAMS 0x0000000083500000, 0x0000000083500000| Untracked 
|  20|0x0000000083600000, 0x0000000083600000, 0x0000000083700000|  0%| F|  |TAMS 0x0000000083600000, 0x0000000083600000| Untracked 
|  21|0x0000000083700000, 0x0000000083700000, 0x0000000083800000|  0%| F|  |TAMS 0x0000000083700000, 0x0000000083700000| Untracked 
|  22|0x0000000083800000, 0x0000000083800000, 0x0000000083900000|  0%| F|  |TAMS 0x0000000083800000, 0x0000000083800000| Untracked 
|  23|0x0000000083900000, 0x0000000083900000, 0x0000000083a00000|  0%| F|  |TAMS 0x0000000083900000, 0x0000000083900000| Untracked 
|  24|0x0000000083a00000, 0x0000000083a00000, 0x0000000083b00000|  0%| F|  |TAMS 0x0000000083a00000, 0x0000000083a00000| Untracked 
|  25|0x0000000083b00000, 0x0000000083b00000, 0x0000000083c00000|  0%| F|  |TAMS 0x0000000083b00000, 0x0000000083b00000| Untracked 
|  26|0x0000000083c00000, 0x0000000083c00000, 0x0000000083d00000|  0%| F|  |TAMS 0x0000000083c00000, 0x0000000083c00000| Untracked 
|  27|0x0000000083d00000, 0x0000000083d00000, 0x0000000083e00000|  0%| F|  |TAMS 0x0000000083d00000, 0x0000000083d00000| Untracked 
|  28|0x0000000083e00000, 0x0000000083e00000, 0x0000000083f00000|  0%| F|  |TAMS 0x0000000083e00000, 0x0000000083e00000| Untracked 
|  29|0x0000000083f00000, 0x0000000083f00000, 0x0000000084000000|  0%| F|  |TAMS 0x0000000083f00000, 0x0000000083f00000| Untracked 
|  30|0x0000000084000000, 0x0000000084000000, 0x0000000084100000|  0%| F|  |TAMS 0x0000000084000000, 0x0000000084000000| Untracked 
|  31|0x0000000084100000, 0x0000000084100000, 0x0000000084200000|  0%| F|  |TAMS 0x0000000084100000, 0x0000000084100000| Untracked 
|  32|0x0000000084200000, 0x0000000084200000, 0x0000000084300000|  0%| F|  |TAMS 0x0000000084200000, 0x0000000084200000| Untracked 
|  33|0x0000000084300000, 0x0000000084300000, 0x0000000084400000|  0%| F|  |TAMS 0x0000000084300000, 0x0000000084300000| Untracked 
|  34|0x0000000084400000, 0x0000000084400000, 0x0000000084500000|  0%| F|  |TAMS 0x0000000084400000, 0x0000000084400000| Untracked 
|  35|0x0000000084500000, 0x0000000084500000, 0x0000000084600000|  0%| F|  |TAMS 0x0000000084500000, 0x0000000084500000| Untracked 
|  36|0x0000000084600000, 0x0000000084600000, 0x0000000084700000|  0%| F|  |TAMS 0x0000000084600000, 0x0000000084600000| Untracked 
|  37|0x0000000084700000, 0x0000000084700000, 0x0000000084800000|  0%| F|  |TAMS 0x0000000084700000, 0x0000000084700000| Untracked 
|  38|0x0000000084800000, 0x0000000084800000, 0x0000000084900000|  0%| F|  |TAMS 0x0000000084800000, 0x0000000084800000| Untracked 
|  39|0x0000000084900000, 0x0000000084900000, 0x0000000084a00000|  0%| F|  |TAMS 0x0000000084900000, 0x0000000084900000| Untracked 
|  40|0x0000000084a00000, 0x0000000084a00000, 0x0000000084b00000|  0%| F|  |TAMS 0x0000000084a00000, 0x0000000084a00000| Untracked 
|  41|0x0000000084b00000, 0x0000000084b00000, 0x0000000084c00000|  0%| F|  |TAMS 0x0000000084b00000, 0x0000000084b00000| Untracked 
|  42|0x0000000084c00000, 0x0000000084c00000, 0x0000000084d00000|  0%| F|  |TAMS 0x0000000084c00000, 0x0000000084c00000| Untracked 
|  43|0x0000000084d00000, 0x0000000084d00000, 0x0000000084e00000|  0%| F|  |TAMS 0x0000000084d00000, 0x0000000084d00000| Untracked 
|  44|0x0000000084e00000, 0x0000000084e00000, 0x0000000084f00000|  0%| F|  |TAMS 0x0000000084e00000, 0x0000000084e00000| Untracked 
|  45|0x0000000084f00000, 0x0000000084f00000, 0x0000000085000000|  0%| F|  |TAMS 0x0000000084f00000, 0x0000000084f00000| Untracked 
|  46|0x0000000085000000, 0x0000000085000000, 0x0000000085100000|  0%| F|  |TAMS 0x0000000085000000, 0x0000000085000000| Untracked 
|  47|0x0000000085100000, 0x0000000085100000, 0x0000000085200000|  0%| F|  |TAMS 0x0000000085100000, 0x0000000085100000| Untracked 
|  48|0x0000000085200000, 0x0000000085200000, 0x0000000085300000|  0%| F|  |TAMS 0x0000000085200000, 0x0000000085200000| Untracked 
|  49|0x0000000085300000, 0x0000000085300000, 0x0000000085400000|  0%| F|  |TAMS 0x0000000085300000, 0x0000000085300000| Untracked 
|  50|0x0000000085400000, 0x0000000085400000, 0x0000000085500000|  0%| F|  |TAMS 0x0000000085400000, 0x0000000085400000| Untracked 
|  51|0x0000000085500000, 0x0000000085500000, 0x0000000085600000|  0%| F|  |TAMS 0x0000000085500000, 0x0000000085500000| Untracked 
|  52|0x0000000085600000, 0x0000000085600000, 0x0000000085700000|  0%| F|  |TAMS 0x0000000085600000, 0x0000000085600000| Untracked 
|  53|0x0000000085700000, 0x0000000085700000, 0x0000000085800000|  0%| F|  |TAMS 0x0000000085700000, 0x0000000085700000| Untracked 
|  54|0x0000000085800000, 0x0000000085800000, 0x0000000085900000|  0%| F|  |TAMS 0x0000000085800000, 0x0000000085800000| Untracked 
|  55|0x0000000085900000, 0x0000000085900000, 0x0000000085a00000|  0%| F|  |TAMS 0x0000000085900000, 0x0000000085900000| Untracked 
|  56|0x0000000085a00000, 0x0000000085a00000, 0x0000000085b00000|  0%| F|  |TAMS 0x0000000085a00000, 0x0000000085a00000| Untracked 
|  57|0x0000000085b00000, 0x0000000085b00000, 0x0000000085c00000|  0%| F|  |TAMS 0x0000000085b00000, 0x0000000085b00000| Untracked 
|  58|0x0000000085c00000, 0x0000000085c00000, 0x0000000085d00000|  0%| F|  |TAMS 0x0000000085c00000, 0x0000000085c00000| Untracked 
|  59|0x0000000085d00000, 0x0000000085d00000, 0x0000000085e00000|  0%| F|  |TAMS 0x0000000085d00000, 0x0000000085d00000| Untracked 
|  60|0x0000000085e00000, 0x0000000085e00000, 0x0000000085f00000|  0%| F|  |TAMS 0x0000000085e00000, 0x0000000085e00000| Untracked 
|  61|0x0000000085f00000, 0x0000000085f00000, 0x0000000086000000|  0%| F|  |TAMS 0x0000000085f00000, 0x0000000085f00000| Untracked 
|  62|0x0000000086000000, 0x0000000086000000, 0x0000000086100000|  0%| F|  |TAMS 0x0000000086000000, 0x0000000086000000| Untracked 
|  63|0x0000000086100000, 0x0000000086100000, 0x0000000086200000|  0%| F|  |TAMS 0x0000000086100000, 0x0000000086100000| Untracked 
|  64|0x0000000086200000, 0x0000000086200000, 0x0000000086300000|  0%| F|  |TAMS 0x0000000086200000, 0x0000000086200000| Untracked 
|  65|0x0000000086300000, 0x0000000086300000, 0x0000000086400000|  0%| F|  |TAMS 0x0000000086300000, 0x0000000086300000| Untracked 
|  66|0x0000000086400000, 0x0000000086400000, 0x0000000086500000|  0%| F|  |TAMS 0x0000000086400000, 0x0000000086400000| Untracked 
|  67|0x0000000086500000, 0x0000000086500000, 0x0000000086600000|  0%| F|  |TAMS 0x0000000086500000, 0x0000000086500000| Untracked 
|  68|0x0000000086600000, 0x0000000086600000, 0x0000000086700000|  0%| F|  |TAMS 0x0000000086600000, 0x0000000086600000| Untracked 
|  69|0x0000000086700000, 0x0000000086700000, 0x0000000086800000|  0%| F|  |TAMS 0x0000000086700000, 0x0000000086700000| Untracked 
|  70|0x0000000086800000, 0x0000000086800000, 0x0000000086900000|  0%| F|  |TAMS 0x0000000086800000, 0x0000000086800000| Untracked 
|  71|0x0000000086900000, 0x0000000086900000, 0x0000000086a00000|  0%| F|  |TAMS 0x0000000086900000, 0x0000000086900000| Untracked 
|  72|0x0000000086a00000, 0x0000000086a00000, 0x0000000086b00000|  0%| F|  |TAMS 0x0000000086a00000, 0x0000000086a00000| Untracked 
|  73|0x0000000086b00000, 0x0000000086b00000, 0x0000000086c00000|  0%| F|  |TAMS 0x0000000086b00000, 0x0000000086b00000| Untracked 
|  74|0x0000000086c00000, 0x0000000086c00000, 0x0000000086d00000|  0%| F|  |TAMS 0x0000000086c00000, 0x0000000086c00000| Untracked 
|  75|0x0000000086d00000, 0x0000000086d00000, 0x0000000086e00000|  0%| F|  |TAMS 0x0000000086d00000, 0x0000000086d00000| Untracked 
|  76|0x0000000086e00000, 0x0000000086e00000, 0x0000000086f00000|  0%| F|  |TAMS 0x0000000086e00000, 0x0000000086e00000| Untracked 
|  77|0x0000000086f00000, 0x0000000086f00000, 0x0000000087000000|  0%| F|  |TAMS 0x0000000086f00000, 0x0000000086f00000| Untracked 
|  78|0x0000000087000000, 0x0000000087000000, 0x0000000087100000|  0%| F|  |TAMS 0x0000000087000000, 0x0000000087000000| Untracked 
|  79|0x0000000087100000, 0x0000000087100000, 0x0000000087200000|  0%| F|  |TAMS 0x0000000087100000, 0x0000000087100000| Untracked 
|  80|0x0000000087200000, 0x0000000087200000, 0x0000000087300000|  0%| F|  |TAMS 0x0000000087200000, 0x0000000087200000| Untracked 
|  81|0x0000000087300000, 0x0000000087300000, 0x0000000087400000|  0%| F|  |TAMS 0x0000000087300000, 0x0000000087300000| Untracked 
|  82|0x0000000087400000, 0x0000000087400000, 0x0000000087500000|  0%| F|  |TAMS 0x0000000087400000, 0x0000000087400000| Untracked 
|  83|0x0000000087500000, 0x0000000087500000, 0x0000000087600000|  0%| F|  |TAMS 0x0000000087500000, 0x0000000087500000| Untracked 
|  84|0x0000000087600000, 0x0000000087600000, 0x0000000087700000|  0%| F|  |TAMS 0x0000000087600000, 0x0000000087600000| Untracked 
|  85|0x0000000087700000, 0x0000000087700000, 0x0000000087800000|  0%| F|  |TAMS 0x0000000087700000, 0x0000000087700000| Untracked 
|  86|0x0000000087800000, 0x0000000087800000, 0x0000000087900000|  0%| F|  |TAMS 0x0000000087800000, 0x0000000087800000| Untracked 
|  87|0x0000000087900000, 0x0000000087900000, 0x0000000087a00000|  0%| F|  |TAMS 0x0000000087900000, 0x0000000087900000| Untracked 
|  88|0x0000000087a00000, 0x0000000087a00000, 0x0000000087b00000|  0%| F|  |TAMS 0x0000000087a00000, 0x0000000087a00000| Untracked 
|  89|0x0000000087b00000, 0x0000000087b00000, 0x0000000087c00000|  0%| F|  |TAMS 0x0000000087b00000, 0x0000000087b00000| Untracked 
|  90|0x0000000087c00000, 0x0000000087c00000, 0x0000000087d00000|  0%| F|  |TAMS 0x0000000087c00000, 0x0000000087c00000| Untracked 
|  91|0x0000000087d00000, 0x0000000087d00000, 0x0000000087e00000|  0%| F|  |TAMS 0x0000000087d00000, 0x0000000087d00000| Untracked 
|  92|0x0000000087e00000, 0x0000000087e00000, 0x0000000087f00000|  0%| F|  |TAMS 0x0000000087e00000, 0x0000000087e00000| Untracked 
|  93|0x0000000087f00000, 0x0000000087f00000, 0x0000000088000000|  0%| F|  |TAMS 0x0000000087f00000, 0x0000000087f00000| Untracked 
|  94|0x0000000088000000, 0x0000000088000000, 0x0000000088100000|  0%| F|  |TAMS 0x0000000088000000, 0x0000000088000000| Untracked 
|  95|0x0000000088100000, 0x0000000088100000, 0x0000000088200000|  0%| F|  |TAMS 0x0000000088100000, 0x0000000088100000| Untracked 
|  96|0x0000000088200000, 0x0000000088200000, 0x0000000088300000|  0%| F|  |TAMS 0x0000000088200000, 0x0000000088200000| Untracked 
|  97|0x0000000088300000, 0x0000000088300000, 0x0000000088400000|  0%| F|  |TAMS 0x0000000088300000, 0x0000000088300000| Untracked 
|  98|0x0000000088400000, 0x0000000088400000, 0x0000000088500000|  0%| F|  |TAMS 0x0000000088400000, 0x0000000088400000| Untracked 
|  99|0x0000000088500000, 0x0000000088600000, 0x0000000088600000|100%| S|CS|TAMS 0x0000000088500000, 0x0000000088500000| Complete 
| 100|0x0000000088600000, 0x0000000088700000, 0x0000000088700000|100%| S|CS|TAMS 0x0000000088600000, 0x0000000088600000| Complete 
| 101|0x0000000088700000, 0x0000000088800000, 0x0000000088800000|100%| S|CS|TAMS 0x0000000088700000, 0x0000000088700000| Complete 
| 102|0x0000000088800000, 0x0000000088800000, 0x0000000088900000|  0%| F|  |TAMS 0x0000000088800000, 0x0000000088800000| Untracked 
| 103|0x0000000088900000, 0x0000000088900000, 0x0000000088a00000|  0%| F|  |TAMS 0x0000000088900000, 0x0000000088900000| Untracked 
| 104|0x0000000088a00000, 0x0000000088a00000, 0x0000000088b00000|  0%| F|  |TAMS 0x0000000088a00000, 0x0000000088a00000| Untracked 
| 105|0x0000000088b00000, 0x0000000088b00000, 0x0000000088c00000|  0%| F|  |TAMS 0x0000000088b00000, 0x0000000088b00000| Untracked 
| 106|0x0000000088c00000, 0x0000000088c00000, 0x0000000088d00000|  0%| F|  |TAMS 0x0000000088c00000, 0x0000000088c00000| Untracked 
| 107|0x0000000088d00000, 0x0000000088d00000, 0x0000000088e00000|  0%| F|  |TAMS 0x0000000088d00000, 0x0000000088d00000| Untracked 
| 108|0x0000000088e00000, 0x0000000088e00000, 0x0000000088f00000|  0%| F|  |TAMS 0x0000000088e00000, 0x0000000088e00000| Untracked 
| 109|0x0000000088f00000, 0x0000000088f00000, 0x0000000089000000|  0%| F|  |TAMS 0x0000000088f00000, 0x0000000088f00000| Untracked 
| 110|0x0000000089000000, 0x0000000089000000, 0x0000000089100000|  0%| F|  |TAMS 0x0000000089000000, 0x0000000089000000| Untracked 
| 111|0x0000000089100000, 0x0000000089100000, 0x0000000089200000|  0%| F|  |TAMS 0x0000000089100000, 0x0000000089100000| Untracked 
| 112|0x0000000089200000, 0x0000000089200000, 0x0000000089300000|  0%| F|  |TAMS 0x0000000089200000, 0x0000000089200000| Untracked 
| 113|0x0000000089300000, 0x0000000089300000, 0x0000000089400000|  0%| F|  |TAMS 0x0000000089300000, 0x0000000089300000| Untracked 
| 114|0x0000000089400000, 0x0000000089400000, 0x0000000089500000|  0%| F|  |TAMS 0x0000000089400000, 0x0000000089400000| Untracked 
| 115|0x0000000089500000, 0x0000000089500000, 0x0000000089600000|  0%| F|  |TAMS 0x0000000089500000, 0x0000000089500000| Untracked 
| 116|0x0000000089600000, 0x0000000089600000, 0x0000000089700000|  0%| F|  |TAMS 0x0000000089600000, 0x0000000089600000| Untracked 
| 117|0x0000000089700000, 0x0000000089700000, 0x0000000089800000|  0%| F|  |TAMS 0x0000000089700000, 0x0000000089700000| Untracked 
| 118|0x0000000089800000, 0x0000000089800000, 0x0000000089900000|  0%| F|  |TAMS 0x0000000089800000, 0x0000000089800000| Untracked 
| 119|0x0000000089900000, 0x0000000089900000, 0x0000000089a00000|  0%| F|  |TAMS 0x0000000089900000, 0x0000000089900000| Untracked 
| 120|0x0000000089a00000, 0x0000000089a00000, 0x0000000089b00000|  0%| F|  |TAMS 0x0000000089a00000, 0x0000000089a00000| Untracked 
| 121|0x0000000089b00000, 0x0000000089b00000, 0x0000000089c00000|  0%| F|  |TAMS 0x0000000089b00000, 0x0000000089b00000| Untracked 
| 122|0x0000000089c00000, 0x0000000089c00000, 0x0000000089d00000|  0%| F|  |TAMS 0x0000000089c00000, 0x0000000089c00000| Untracked 
| 123|0x0000000089d00000, 0x0000000089da0010, 0x0000000089e00000| 62%| E|  |TAMS 0x0000000089d00000, 0x0000000089d00000| Complete 
| 124|0x0000000089e00000, 0x0000000089f00000, 0x0000000089f00000|100%| E|CS|TAMS 0x0000000089e00000, 0x0000000089e00000| Complete 
| 125|0x0000000089f00000, 0x000000008a000000, 0x000000008a000000|100%| E|CS|TAMS 0x0000000089f00000, 0x0000000089f00000| Complete 

Card table byte_map: [0x000001bd7b340000,0x000001bd7b730000] _byte_map_base: 0x000001bd7af2f000

Marking Bits (Prev, Next): (CMBitMap*) 0x000001bd62edd1c8, (CMBitMap*) 0x000001bd62edd208
 Prev Bits: [0x000001bd7bb20000, 0x000001bd7da98000)
 Next Bits: [0x000001bd7daa0000, 0x000001bd7fa18000)

Polling page: 0x000001bd61600000

Metaspace:

Usage:
  Non-class:     16.39 MB capacity,    16.16 MB ( 99%) used,   199.66 KB (  1%) free+waste,    38.38 KB ( <1%) overhead. 
      Class:      2.34 MB capacity,     2.19 MB ( 94%) used,   131.46 KB (  5%) free+waste,    20.81 KB ( <1%) overhead. 
       Both:     18.73 MB capacity,    18.35 MB ( 98%) used,   331.13 KB (  2%) free+waste,    59.19 KB ( <1%) overhead. 

Virtual space:
  Non-class space:       18.00 MB reserved,      16.50 MB ( 92%) committed 
      Class space:        1.00 GB reserved,       2.38 MB ( <1%) committed 
             Both:        1.02 GB reserved,      18.88 MB (  2%) committed 

Chunk freelists:
   Non-Class:  45.00 KB
       Class:  5.00 KB
        Both:  50.00 KB

MaxMetaspaceSize: 17179869184.00 GB
CompressedClassSpaceSize: 1.00 GB

CodeHeap 'non-profiled nmethods': size=120000Kb used=638Kb max_used=638Kb free=119362Kb
 bounds [0x000001bd72e80000, 0x000001bd730f0000, 0x000001bd7a3b0000]
CodeHeap 'profiled nmethods': size=120000Kb used=3625Kb max_used=3625Kb free=116375Kb
 bounds [0x000001bd6b950000, 0x000001bd6bce0000, 0x000001bd72e80000]
CodeHeap 'non-nmethods': size=5760Kb used=1349Kb max_used=1380Kb free=4410Kb
 bounds [0x000001bd6b3b0000, 0x000001bd6b620000, 0x000001bd6b950000]
 total_blobs=3160 nmethods=1880 adapters=556
 compilation: enabled
              stopped_count=0, restarted_count=0
 full_count=0

Compilation events (20 events):
Event: 1.004 Thread 0x000001bd02525000 nmethod 1809 0x000001bd72f19410 code [0x000001bd72f195a0, 0x000001bd72f19878]
Event: 1.004 Thread 0x000001bd02525000 1810       3       java.util.regex.Pattern$BranchConn::match (11 bytes)
Event: 1.004 Thread 0x000001bd02525000 nmethod 1810 0x000001bd6bcb8290 code [0x000001bd6bcb8440, 0x000001bd6bcb8690]
Event: 1.005 Thread 0x000001bd02525000 1812   !   3       java.security.cert.Certificate::hashCode (31 bytes)
Event: 1.005 Thread 0x000001bd02525000 nmethod 1812 0x000001bd6bcb8790 code [0x000001bd6bcb89a0, 0x000001bd6bcb90b0]
Event: 1.005 Thread 0x000001bd02525000 1813       1       sun.security.x509.X509AttributeName::getSuffix (5 bytes)
Event: 1.005 Thread 0x000001bd02525000 nmethod 1813 0x000001bd72f19910 code [0x000001bd72f19aa0, 0x000001bd72f19bd8]
Event: 1.005 Thread 0x000001bd02525000 1814       1       sun.security.x509.X509AttributeName::getPrefix (5 bytes)
Event: 1.005 Thread 0x000001bd02525000 nmethod 1814 0x000001bd72f19c90 code [0x000001bd72f19e20, 0x000001bd72f19f58]
Event: 1.005 Thread 0x000001bd02525000 1815       3       sun.security.provider.SHA5::implCompress (13 bytes)
Event: 1.006 Thread 0x000001bd02525000 nmethod 1815 0x000001bd6bcb9310 code [0x000001bd6bcb9500, 0x000001bd6bcb98d0]
Event: 1.006 Thread 0x000001bd02525000 1816       3       sun.security.provider.SHA5::implCompressCheck (15 bytes)
Event: 1.006 Thread 0x000001bd02525000 nmethod 1816 0x000001bd6bcb9a10 code [0x000001bd6bcb9be0, 0x000001bd6bcb9f00]
Event: 1.006 Thread 0x000001bd02525000 1817       3       java.math.MutableBigInteger::mulsub (110 bytes)
Event: 1.006 Thread 0x000001bd02525000 nmethod 1817 0x000001bd6bcba010 code [0x000001bd6bcba1c0, 0x000001bd6bcba518]
Event: 1.007 Thread 0x000001bd0414a800 nmethod 1806 0x000001bd72f1a010 code [0x000001bd72f1a1a0, 0x000001bd72f1a3b8]
Event: 1.007 Thread 0x000001bd0414a800 1811 %     4       com.sun.crypto.provider.GHASH::blockMult @ 23 (245 bytes)
Event: 1.007 Thread 0x000001bd02525000 1818       3       java.security.Provider$UString::<init> (21 bytes)
Event: 1.008 Thread 0x000001bd02525000 nmethod 1818 0x000001bd6bcba690 code [0x000001bd6bcba880, 0x000001bd6bcbad40]
Event: 1.008 Thread 0x000001bd02525000 1820   !   3       java.security.Provider$Service::newInstance (379 bytes)

GC Heap History (2 events):
Event: 0.959 GC heap before
{Heap before GC invocations=0 (full 0):
 garbage-first heap   total 129024K, used 23552K [0x0000000082200000, 0x0000000100000000)
  region size 1024K, 24 young (24576K), 0 survivors (0K)
 Metaspace       used 18313K, capacity 18700K, committed 18816K, reserved 1064960K
  class space    used 2192K, capacity 2363K, committed 2432K, reserved 1048576K
}
Event: 0.966 GC heap after
{Heap after GC invocations=1 (full 0):
 garbage-first heap   total 129024K, used 6628K [0x0000000082200000, 0x0000000100000000)
  region size 1024K, 3 young (3072K), 3 survivors (3072K)
 Metaspace       used 18313K, capacity 18700K, committed 18816K, reserved 1064960K
  class space    used 2192K, capacity 2363K, committed 2432K, reserved 1048576K
}

Deoptimization events (20 events):
Event: 0.586 Thread 0x000001bd03cc3800 DEOPT PACKING pc=0x000001bd6bb6f538 sp=0x00000012a75fd5b0
Event: 0.586 Thread 0x000001bd03cc3800 DEOPT UNPACKING pc=0x000001bd6b3f964e sp=0x00000012a75fca30 mode 0
Event: 0.607 Thread 0x000001bd03cc3800 Uncommon trap: trap_request=0xffffffc6 fr.pc=0x000001bd72edfb1c relative=0x000000000000069c
Event: 0.607 Thread 0x000001bd03cc3800 Uncommon trap: reason=bimorphic_or_optimized_type_check action=maybe_recompile pc=0x000001bd72edfb1c method=java.util.regex.Pattern$BmpCharProperty.match(Ljava/util/regex/Matcher;ILjava/lang/CharSequence;)Z @ 36 c2
Event: 0.607 Thread 0x000001bd03cc3800 DEOPT PACKING pc=0x000001bd72edfb1c sp=0x00000012a75f9a30
Event: 0.607 Thread 0x000001bd03cc3800 DEOPT UNPACKING pc=0x000001bd6b3f912f sp=0x00000012a75f99f8 mode 2
Event: 0.609 Thread 0x000001bd03cc3800 Uncommon trap: trap_request=0xffffffc6 fr.pc=0x000001bd72edfb1c relative=0x000000000000069c
Event: 0.609 Thread 0x000001bd03cc3800 Uncommon trap: reason=bimorphic_or_optimized_type_check action=maybe_recompile pc=0x000001bd72edfb1c method=java.util.regex.Pattern$BmpCharProperty.match(Ljava/util/regex/Matcher;ILjava/lang/CharSequence;)Z @ 36 c2
Event: 0.609 Thread 0x000001bd03cc3800 DEOPT PACKING pc=0x000001bd72edfb1c sp=0x00000012a75f9a30
Event: 0.609 Thread 0x000001bd03cc3800 DEOPT UNPACKING pc=0x000001bd6b3f912f sp=0x00000012a75f99f8 mode 2
Event: 0.877 Thread 0x000001bd03cc3800 Uncommon trap: trap_request=0xffffff45 fr.pc=0x000001bd72ef250c relative=0x000000000000024c
Event: 0.877 Thread 0x000001bd03cc3800 Uncommon trap: reason=unstable_if action=reinterpret pc=0x000001bd72ef250c method=java.util.regex.Pattern$SliceI.match(Ljava/util/regex/Matcher;ILjava/lang/CharSequence;)Z @ 29 c2
Event: 0.877 Thread 0x000001bd03cc3800 DEOPT PACKING pc=0x000001bd72ef250c sp=0x00000012a75fd420
Event: 0.877 Thread 0x000001bd03cc3800 DEOPT UNPACKING pc=0x000001bd6b3f912f sp=0x00000012a75fd3b8 mode 2
Event: 0.996 Thread 0x000001bd03cc3800 Uncommon trap: trap_request=0xffffff45 fr.pc=0x000001bd72edbd78 relative=0x00000000000000d8
Event: 0.996 Thread 0x000001bd03cc3800 Uncommon trap: reason=unstable_if action=reinterpret pc=0x000001bd72edbd78 method=java.lang.CharacterDataLatin1.digit(II)I @ 12 c2
Event: 0.996 Thread 0x000001bd03cc3800 DEOPT PACKING pc=0x000001bd72edbd78 sp=0x00000012a75fdee0
Event: 0.996 Thread 0x000001bd03cc3800 DEOPT UNPACKING pc=0x000001bd6b3f912f sp=0x00000012a75fdd98 mode 2
Event: 1.005 Thread 0x000001bd03cc3800 DEOPT PACKING pc=0x000001bd6bc3d48e sp=0x00000012a75fd1d0
Event: 1.005 Thread 0x000001bd03cc3800 DEOPT UNPACKING pc=0x000001bd6b3f964e sp=0x00000012a75fc600 mode 0

Classes unloaded (0 events):
No events

Classes redefined (0 events):
No events

Internal exceptions (20 events):
Event: 0.200 Thread 0x000001bd62e99800 Exception <a 'java/lang/ClassNotFoundException'{0x0000000089cf6638}: Tree> (0x0000000089cf6638) 
thrown [t:/workspace/open/src/hotspot/share/classfile/systemDictionary.cpp, line 232]
Event: 0.200 Thread 0x000001bd62e99800 Exception <a 'java/lang/ClassNotFoundException'{0x0000000089cf69a8}: javax/swing/JTreeCell> (0x0000000089cf69a8) 
thrown [t:/workspace/open/src/hotspot/share/classfile/systemDictionary.cpp, line 232]
Event: 0.200 Thread 0x000001bd62e99800 Exception <a 'java/lang/ClassNotFoundException'{0x0000000089cf6ca8}: TreeCell> (0x0000000089cf6ca8) 
thrown [t:/workspace/open/src/hotspot/share/classfile/systemDictionary.cpp, line 232]
Event: 0.200 Thread 0x000001bd62e99800 Exception <a 'java/lang/ClassNotFoundException'{0x0000000089cf7468}: RootPane> (0x0000000089cf7468) 
thrown [t:/workspace/open/src/hotspot/share/classfile/systemDictionary.cpp, line 232]
Event: 0.201 Thread 0x000001bd62e99800 Exception <a 'java/lang/ClassNotFoundException'{0x0000000089cfa230}: com/sun/swing/internal/plaf/metal/resources/spi/metalProvider> (0x0000000089cfa230) 
thrown [t:/workspace/open/src/hotspot/share/classfile/systemDictionary.cpp, line 232]
Event: 0.202 Thread 0x000001bd62e99800 Exception <a 'java/lang/ClassNotFoundException'{0x0000000089cfe030}: com/sun/swing/internal/plaf/basic/resources/spi/basicProvider> (0x0000000089cfe030) 
thrown [t:/workspace/open/src/hotspot/share/classfile/systemDictionary.cpp, line 232]
Event: 0.218 Thread 0x000001bd03cc3800 Exception <a 'java/lang/ClassNotFoundException'{0x0000000089b97e98}: com/sun/swing/internal/plaf/synth/resources/spi/synthProvider> (0x0000000089b97e98) 
thrown [t:/workspace/open/src/hotspot/share/classfile/systemDictionary.cpp, line 232]
Event: 0.266 Thread 0x000001bd03cc3800 Implicit null exception at 0x000001bd72ea1a2f to 0x000001bd72ea1aad
Event: 0.299 Thread 0x000001bd03cc3800 Exception <a 'java/lang/NoSuchMethodError'{0x0000000089ab59b0}: 'void java.lang.invoke.DirectMethodHandle$Holder.invokeStaticInit(java.lang.Object)'> (0x0000000089ab59b0) 
thrown [t:/workspace/open/src/hotspot/share/interpreter/linkResolver.cpp, line 767]
Event: 0.303 Thread 0x000001bd03cc3800 Exception <a 'java/lang/NoSuchMethodError'{0x0000000089adc5d8}: 'java.lang.Object java.lang.invoke.Invokers$Holder.linkToTargetMethod(java.lang.Object, int, java.lang.Object)'> (0x0000000089adc5d8) 
thrown [t:/workspace/open/src/hotspot/share/interpreter/linkResolver.cpp, line 767]
Event: 0.368 Thread 0x000001bd03cc3800 Exception <a 'java/lang/NoSuchMethodError'{0x000000008981cbb0}: 'int java.lang.invoke.DirectMethodHandle$Holder.invokeSpecialIFC(java.lang.Object, java.lang.Object, int)'> (0x000000008981cbb0) 
thrown [t:/workspace/open/src/hotspot/share/interpreter/linkResolver.cpp, line 767]
Event: 0.398 Thread 0x000001bd03cc3800 Exception <a 'java/lang/NoSuchMethodError'{0x000000008972cf08}: 'java.lang.Object java.lang.invoke.DirectMethodHandle$Holder.invokeVirtual(java.lang.Object, java.lang.Object, java.lang.Object)'> (0x000000008972cf08) 
thrown [t:/workspace/open/src/hotspot/share/interpreter/linkResolver.cpp, line 767]
Event: 0.492 Thread 0x000001bd03cc3800 Exception <a 'java/lang/NoSuchMethodError'{0x0000000089370ee8}: 'void java.lang.invoke.DirectMethodHandle$Holder.invokeStaticInit(java.lang.Object, java.lang.Object)'> (0x0000000089370ee8) 
thrown [t:/workspace/open/src/hotspot/share/interpreter/linkResolver.cpp, line 767]
Event: 0.606 Thread 0x000001bd03cc3800 Exception <a 'java/lang/NoSuchMethodError'{0x0000000088d66470}: 'java.lang.Object java.lang.invoke.DirectMethodHandle$Holder.invokeStaticInit(java.lang.Object, int, int, int, int)'> (0x0000000088d66470) 
thrown [t:/workspace/open/src/hotspot/share/interpreter/linkResolver.cpp, line 767]
Event: 0.607 Thread 0x000001bd03cc3800 Exception <a 'sun/nio/fs/WindowsException'{0x0000000088d6c1b0}> (0x0000000088d6c1b0) 
thrown [t:/workspace/open/src/hotspot/share/prims/jni.cpp, line 598]
Event: 0.612 Thread 0x000001bd03cc3800 Exception <a 'java/lang/NoSuchMethodError'{0x0000000088d90548}: 'int java.lang.invoke.DirectMethodHandle$Holder.invokeStaticInit(java.lang.Object, java.lang.Object, java.lang.Object, java.lang.Object)'> (0x0000000088d90548) 
thrown [t:/workspace/open/src/hotspot/share/interpreter/linkResolver.cpp, line 767]
Event: 0.613 Thread 0x000001bd03cc3800 Exception <a 'java/lang/IncompatibleClassChangeError'{0x0000000088d99040}: Found class java.lang.Object, but interface was expected> (0x0000000088d99040) 
thrown [t:/workspace/open/src/hotspot/share/interpreter/linkResolver.cpp, line 833]
Event: 0.613 Thread 0x000001bd03cc3800 Exception <a 'java/lang/NoSuchMethodError'{0x0000000088d9e4b0}: 'int java.lang.invoke.DirectMethodHandle$Holder.invokeStaticInit(java.lang.Object, java.lang.Object)'> (0x0000000088d9e4b0) 
thrown [t:/workspace/open/src/hotspot/share/interpreter/linkResolver.cpp, line 767]
Event: 0.858 Thread 0x000001bd03cc3800 Exception <a 'java/lang/NoSuchMethodError'{0x0000000088bd1640}: 'java.lang.Object java.lang.invoke.DirectMethodHandle$Holder.invokeStaticInit(java.lang.Object, java.lang.Object, int, int, int, int)'> (0x0000000088bd1640) 
thrown [t:/workspace/open/src/hotspot/share/interpreter/linkResolver.cpp, line 767]
Event: 0.973 Thread 0x000001bd03cc3800 Exception <a 'java/io/IOException'{0x0000000089f329b8}> (0x0000000089f329b8) 
thrown [t:/workspace/open/src/hotspot/share/prims/jni.cpp, line 598]

Events (20 events):
Event: 0.972 loading class sun/security/ssl/Alert$Level
Event: 0.972 loading class sun/security/ssl/Alert$Level done
Event: 0.973 loading class javax/crypto/AEADBadTagException
Event: 0.973 loading class javax/crypto/AEADBadTagException done
Event: 0.974 loading class javax/swing/KeyboardManager
Event: 0.974 loading class javax/swing/KeyboardManager done
Event: 0.974 loading class javax/swing/KeyboardManager$ComponentKeyStrokePair
Event: 0.974 loading class javax/swing/KeyboardManager$ComponentKeyStrokePair done
Event: 0.981 Executing VM operation: BulkRevokeBias
Event: 0.981 Executing VM operation: BulkRevokeBias done
Event: 0.982 Executing VM operation: BulkRevokeBias
Event: 0.983 Executing VM operation: BulkRevokeBias done
Event: 0.983 Executing VM operation: BulkRevokeBias
Event: 0.983 Executing VM operation: BulkRevokeBias done
Event: 0.983 Executing VM operation: RevokeBias
Event: 0.983 Executing VM operation: RevokeBias done
Event: 0.987 Executing VM operation: RevokeBias
Event: 0.987 Executing VM operation: RevokeBias done
Event: 0.987 Executing VM operation: RevokeBias
Event: 0.987 Executing VM operation: RevokeBias done


Dynamic libraries:
0x00007ff794f40000 - 0x00007ff794f4f000 	C:\Program Files\Java\jdk-13.0.2\bin\java.exe
0x00007ffe94df0000 - 0x00007ffe94fe5000 	C:\WINDOWS\SYSTEM32\ntdll.dll
0x00007ffe93650000 - 0x00007ffe9370d000 	C:\WINDOWS\System32\KERNEL32.DLL
0x00007ffe92890000 - 0x00007ffe92b58000 	C:\WINDOWS\System32\KERNELBASE.dll
0x00007ffe92700000 - 0x00007ffe92800000 	C:\WINDOWS\System32\ucrtbase.dll
0x00007ffe8e0c0000 - 0x00007ffe8e0d5000 	C:\Program Files\Java\jdk-13.0.2\bin\VCRUNTIME140.dll
0x00007ffe8c580000 - 0x00007ffe8c598000 	C:\Program Files\Java\jdk-13.0.2\bin\jli.dll
0x00007ffe94680000 - 0x00007ffe9472c000 	C:\WINDOWS\System32\ADVAPI32.dll
0x00007ffe93990000 - 0x00007ffe93a2e000 	C:\WINDOWS\System32\msvcrt.dll
0x00007ffe93400000 - 0x00007ffe9349b000 	C:\WINDOWS\System32\sechost.dll
0x00007ffe92e60000 - 0x00007ffe92f8b000 	C:\WINDOWS\System32\RPCRT4.dll
0x00007ffe93a90000 - 0x00007ffe93c30000 	C:\WINDOWS\System32\USER32.dll
0x00007ffe7ef70000 - 0x00007ffe7f20a000 	C:\WINDOWS\WinSxS\amd64_microsoft.windows.common-controls_6595b64144ccf1df_6.0.19041.1052_none_60b8f8fd71f5e8cb\COMCTL32.dll
0x00007ffe925c0000 - 0x00007ffe925e2000 	C:\WINDOWS\System32\win32u.dll
0x00007ffe94d80000 - 0x00007ffe94daa000 	C:\WINDOWS\System32\GDI32.dll
0x00007ffe925f0000 - 0x00007ffe926fb000 	C:\WINDOWS\System32\gdi32full.dll
0x00007ffe92dc0000 - 0x00007ffe92e5d000 	C:\WINDOWS\System32\msvcp_win.dll
0x00007ffe8ad70000 - 0x00007ffe8ad7a000 	C:\WINDOWS\SYSTEM32\VERSION.dll
0x00007ffe93f10000 - 0x00007ffe93f40000 	C:\WINDOWS\System32\IMM32.DLL
0x00007ffe6e4a0000 - 0x00007ffe6e53b000 	C:\Program Files\Java\jdk-13.0.2\bin\msvcp140.dll
0x00007ffe49770000 - 0x00007ffe4a2cd000 	C:\Program Files\Java\jdk-13.0.2\bin\server\jvm.dll
0x00007ffe93980000 - 0x00007ffe93988000 	C:\WINDOWS\System32\PSAPI.DLL
0x00007ffe7f3c0000 - 0x00007ffe7f3e7000 	C:\WINDOWS\SYSTEM32\WINMM.dll
0x00007ffe77ec0000 - 0x00007ffe77ec9000 	C:\WINDOWS\SYSTEM32\WSOCK32.dll
0x00007ffe94730000 - 0x00007ffe9479b000 	C:\WINDOWS\System32\WS2_32.dll
0x00007ffe90480000 - 0x00007ffe90492000 	C:\WINDOWS\SYSTEM32\kernel.appcore.dll
0x00007ffe8e010000 - 0x00007ffe8e020000 	C:\Program Files\Java\jdk-13.0.2\bin\verify.dll
0x00007ffe7bc90000 - 0x00007ffe7be74000 	C:\WINDOWS\SYSTEM32\DBGHELP.DLL
0x00007ffe74b70000 - 0x00007ffe74b9c000 	C:\WINDOWS\SYSTEM32\dbgcore.DLL
0x00007ffe92530000 - 0x00007ffe925b3000 	C:\WINDOWS\System32\bcryptPrimitives.dll
0x00007ffe87960000 - 0x00007ffe87986000 	C:\Program Files\Java\jdk-13.0.2\bin\java.dll
0x00007ffe87e60000 - 0x00007ffe87e77000 	C:\Program Files\Java\jdk-13.0.2\bin\zip.dll
0x00007ffe8e000000 - 0x00007ffe8e00a000 	C:\Program Files\Java\jdk-13.0.2\bin\jimage.dll
0x00007ffe93f40000 - 0x00007ffe9467f000 	C:\WINDOWS\System32\SHELL32.dll
0x00007ffe90680000 - 0x00007ffe90e10000 	C:\WINDOWS\SYSTEM32\windows.storage.dll
0x00007ffe948c0000 - 0x00007ffe94c15000 	C:\WINDOWS\System32\combase.dll
0x00007ffe91fa0000 - 0x00007ffe91fcc000 	C:\WINDOWS\SYSTEM32\Wldp.dll
0x00007ffe94c20000 - 0x00007ffe94cce000 	C:\WINDOWS\System32\SHCORE.dll
0x00007ffe93840000 - 0x00007ffe93895000 	C:\WINDOWS\System32\shlwapi.dll
0x00007ffe92470000 - 0x00007ffe9248f000 	C:\WINDOWS\SYSTEM32\profapi.dll
0x00007ffe87b20000 - 0x00007ffe87b39000 	C:\Program Files\Java\jdk-13.0.2\bin\net.dll
0x00007ffe820f0000 - 0x00007ffe821fb000 	C:\WINDOWS\SYSTEM32\WINHTTP.dll
0x00007ffe91d10000 - 0x00007ffe91d7a000 	C:\WINDOWS\system32\mswsock.dll
0x00007ffe87940000 - 0x00007ffe87953000 	C:\Program Files\Java\jdk-13.0.2\bin\nio.dll
0x00007ffe6e1e0000 - 0x00007ffe6e379000 	C:\Program Files\Java\jdk-13.0.2\bin\awt.dll
0x00007ffe93c30000 - 0x00007ffe93cfd000 	C:\WINDOWS\System32\OLEAUT32.dll
0x00007ffe8fec0000 - 0x00007ffe8ff50000 	C:\WINDOWS\SYSTEM32\apphelp.dll
0x00007ffe8ffc0000 - 0x00007ffe9005e000 	C:\WINDOWS\system32\uxtheme.dll
0x00007ffe947a0000 - 0x00007ffe948b5000 	C:\WINDOWS\System32\MSCTF.dll
0x00007ffe93710000 - 0x00007ffe9383a000 	C:\WINDOWS\System32\ole32.dll
0x00007ffe90190000 - 0x00007ffe901bf000 	C:\WINDOWS\system32\DWMAPI.DLL
0x00007ffe6e410000 - 0x00007ffe6e492000 	C:\Program Files\Java\jdk-13.0.2\bin\freetype.dll
0x00007ffe5f450000 - 0x00007ffe5f4f6000 	C:\Program Files\Java\jdk-13.0.2\bin\fontmanager.dll
0x00007ffe678b0000 - 0x00007ffe679d6000 	C:\WINDOWS\system32\opengl32.dll
0x00007ffe68880000 - 0x00007ffe688ac000 	C:\WINDOWS\SYSTEM32\GLU32.dll
0x00007ffe94cd0000 - 0x00007ffe94d79000 	C:\WINDOWS\System32\clbcatq.dll
0x00007ffe8b080000 - 0x00007ffe8b234000 	C:\WINDOWS\SYSTEM32\WindowsCodecs.dll
0x00007ffe92860000 - 0x00007ffe92887000 	C:\WINDOWS\System32\bcrypt.dll
0x00007ffe5caa0000 - 0x00007ffe5cade000 	C:\WINDOWS\system32\dataexchange.dll
0x00007ffe8e2f0000 - 0x00007ffe8e554000 	C:\WINDOWS\system32\d3d11.dll
0x00007ffe8f250000 - 0x00007ffe8f436000 	C:\WINDOWS\system32\dcomp.dll
0x00007ffe90e70000 - 0x00007ffe90f64000 	C:\WINDOWS\system32\dxgi.dll
0x00007ffe8b640000 - 0x00007ffe8b841000 	C:\WINDOWS\system32\twinapi.appcore.dll
0x00007ffe919f0000 - 0x00007ffe91abc000 	C:\WINDOWS\SYSTEM32\DNSAPI.dll
0x00007ffe919b0000 - 0x00007ffe919eb000 	C:\WINDOWS\SYSTEM32\IPHLPAPI.DLL
0x00007ffe93df0000 - 0x00007ffe93df8000 	C:\WINDOWS\System32\NSI.dll
0x00007ffe8ad00000 - 0x00007ffe8ad0a000 	C:\Windows\System32\rasadhlp.dll
0x00007ffe7f500000 - 0x00007ffe7f57f000 	C:\WINDOWS\System32\fwpuclnt.dll
0x00007ffe8c5a0000 - 0x00007ffe8c5ae000 	C:\Program Files\Java\jdk-13.0.2\bin\sunmscapi.dll
0x00007ffe92b60000 - 0x00007ffe92cbf000 	C:\WINDOWS\System32\CRYPT32.dll
0x00007ffe92010000 - 0x00007ffe92037000 	C:\WINDOWS\SYSTEM32\ncrypt.dll
0x00007ffe91fd0000 - 0x00007ffe9200b000 	C:\WINDOWS\SYSTEM32\NTASN1.dll
0x00007ffe8c5b0000 - 0x00007ffe8c5d5000 	C:\Program Files\Java\jdk-13.0.2\bin\sunec.dll
0x00007ffe91ee0000 - 0x00007ffe91ef8000 	C:\WINDOWS\SYSTEM32\CRYPTSP.dll
0x00007ffe91640000 - 0x00007ffe91674000 	C:\WINDOWS\system32\rsaenh.dll
0x00007ffe92430000 - 0x00007ffe9245e000 	C:\WINDOWS\SYSTEM32\USERENV.dll
0x00007ffe91f00000 - 0x00007ffe91f0c000 	C:\WINDOWS\SYSTEM32\CRYPTBASE.dll
0x00007ffe8a5c0000 - 0x00007ffe8a5d7000 	C:\WINDOWS\SYSTEM32\dhcpcsvc6.DLL
0x00007ffe8a690000 - 0x00007ffe8a6ad000 	C:\WINDOWS\SYSTEM32\dhcpcsvc.DLL

dbghelp: loaded successfully - version: 4.0.5 - missing functions: none
symbol engine: initialized successfully - sym options: 0x614 - pdb path: .;C:\Program Files\Java\jdk-13.0.2\bin;C:\WINDOWS\SYSTEM32;C:\WINDOWS\WinSxS\amd64_microsoft.windows.common-controls_6595b64144ccf1df_6.0.19041.1052_none_60b8f8fd71f5e8cb;C:\Program Files\Java\jdk-13.0.2\bin\server

VM Arguments:
jvm_args: -Dfile.encoding=UTF-8 
java_command: ustunerturizm2.frmGirisEkrani
java_class_path (initial): C:\Program Files (x86)\MySQL\Connector J 8.0\mysql-connector-java-8.0.20.jar;C:\Users\iserh\Desktop\jdatepicker-1.3.4.jar;C:\Users\iserh\Documents\NetBeansProjects\UstunerTurizm2\build\classes
Launcher Type: SUN_STANDARD

[Global flags]
     intx CICompilerCount                          = 4                                         {product} {ergonomic}
     uint ConcGCThreads                            = 2                                         {product} {ergonomic}
     uint G1ConcRefinementThreads                  = 8                                         {product} {ergonomic}
   size_t G1HeapRegionSize                         = 1048576                                   {product} {ergonomic}
    uintx GCDrainStackTargetSize                   = 64                                        {product} {ergonomic}
   size_t InitialHeapSize                          = 132120576                                 {product} {ergonomic}
   size_t MarkStackSize                            = 4194304                                   {product} {ergonomic}
   size_t MaxHeapSize                              = 2111832064                                {product} {ergonomic}
   size_t MaxNewSize                               = 1266679808                                {product} {ergonomic}
   size_t MinHeapDeltaBytes                        = 1048576                                   {product} {ergonomic}
   size_t MinHeapSize                              = 8388608                                   {product} {ergonomic}
    uintx NonNMethodCodeHeapSize                   = 5839372                                {pd product} {ergonomic}
    uintx NonProfiledCodeHeapSize                  = 122909434                              {pd product} {ergonomic}
    uintx ProfiledCodeHeapSize                     = 122909434                              {pd product} {ergonomic}
    uintx ReservedCodeCacheSize                    = 251658240                              {pd product} {ergonomic}
     bool SegmentedCodeCache                       = true                                      {product} {ergonomic}
   size_t SoftMaxHeapSize                          = 2111832064                             {manageable} {ergonomic}
     bool UseCompressedClassPointers               = true                                 {lp64_product} {ergonomic}
     bool UseCompressedOops                        = true                                 {lp64_product} {ergonomic}
     bool UseG1GC                                  = true                                      {product} {ergonomic}
     bool UseLargePagesIndividualAllocation        = false                                  {pd product} {ergonomic}

Logging:
Log output configuration:
 #0: stdout all=warning uptime,level,tags
 #1: stderr all=off uptime,level,tags

Environment Variables:
PATH=C:\Windows\system32;C:\Windows;C:\Windows\System32\Wbem;C:\Windows\System32\WindowsPowerShell\v1.0\;C:\Windows\System32\OpenSSH\;C:\Program Files (x86)\NVIDIA Corporation\PhysX\Common;C:\Program Files\Intel\WiFi\bin\;C:\Program Files\Common Files\Intel\WirelessCommon\;C:\Program Files (x86)\Intel\Intel(R) Management Engine Components\DAL;C:\Program Files\Intel\Intel(R) Management Engine Components\DAL;C:\Program Files\Microsoft SQL Server\130\Tools\Binn\;C:\Program Files\Microsoft SQL Server\Client SDK\ODBC\170\Tools\Binn\;C:\Program Files (x86)\Microsoft SQL Server\150\Tools\Binn\;C:\Program Files\Microsoft SQL Server\150\Tools\Binn\;C:\Program Files\Microsoft SQL Server\150\DTS\Binn\;C:\WINDOWS\system32;C:\WINDOWS;C:\WINDOWS\System32\Wbem;C:\WINDOWS\System32\WindowsPowerShell\v1.0\;C:\WINDOWS\System32\OpenSSH\;C:\Program Files\Git\cmd;C:\Users\iserh\AppData\Local\Programs\Python\Python38-32\Scripts\;C:\Users\iserh\AppData\Local\Programs\Python\Python38-32\;C:\Users\iserh\AppData\Local\Microsoft\WindowsApps;C:\Program Files\Intel\WiFi\bin\;C:\Program Files\Common Files\Intel\WirelessCommon\;C:\Users\iserh\AppData\Local\GitHubDesktop\bin;C:\Users\iserh\AppData\Local\Programs\Microsoft VS Code\bin;C:\altera\13.1\modelsim_ase\win32aloem;C:\Users\iserh\AppData\Local\Microsoft\WindowsApps;
USERNAME=iserh
OS=Windows_NT
PROCESSOR_IDENTIFIER=Intel64 Family 6 Model 158 Stepping 10, GenuineIntel



---------------  S Y S T E M  ---------------

OS: Windows 10 , 64 bit Build 19041 (10.0.19041.1023)

CPU:total 8 (initial active 8) (4 cores per cpu, 2 threads per core) family 6 model 158 stepping 10, cmov, cx8, fxsr, mmx, sse, sse2, sse3, ssse3, sse4.1, sse4.2, popcnt, avx, avx2, aes, clmul, erms, 3dnowpref, lzcnt, ht, tsc, tscinvbit, bmi1, bmi2, adx, fma

Memory: 4k page, system-wide physical 8051M (647M free)
TotalPageFile size 32627M (AvailPageFile size 5M)
current process WorkingSet (physical memory assigned to process): 105M, peak: 105M
current process commit charge ("private bytes"): 242M, peak: 242M

vm_info: Java HotSpot(TM) 64-Bit Server VM (13.0.2+8) for windows-amd64 JRE (13.0.2+8), built on Dec 11 2019 09:20:33 by "mach5one" with unknown MS VC++:1916

END.
